{"/Users/ashishsingh/Desktop/nexus-os/apps/api/debug-groq.js": {"path":"/Users/ashishsingh/Desktop/nexus-os/apps/api/debug-groq.js","all":true,"statementMap":{"0":{"start":{"line":1,"column":0},"end":{"line":1,"column":20}},"1":{"start":{"line":2,"column":0},"end":{"line":2,"column":28}},"2":{"start":{"line":3,"column":0},"end":{"line":3,"column":77}},"3":{"start":{"line":4,"column":0},"end":{"line":4,"column":0}},"4":{"start":{"line":5,"column":0},"end":{"line":5,"column":23}},"5":{"start":{"line":6,"column":0},"end":{"line":6,"column":7}},"6":{"start":{"line":7,"column":0},"end":{"line":7,"column":80}},"7":{"start":{"line":8,"column":0},"end":{"line":8,"column":23}},"8":{"start":{"line":9,"column":0},"end":{"line":9,"column":18}},"9":{"start":{"line":10,"column":0},"end":{"line":10,"column":47}},"10":{"start":{"line":11,"column":0},"end":{"line":11,"column":65}},"11":{"start":{"line":12,"column":0},"end":{"line":12,"column":10}},"12":{"start":{"line":13,"column":0},"end":{"line":13,"column":30}},"13":{"start":{"line":14,"column":0},"end":{"line":14,"column":45}},"14":{"start":{"line":15,"column":0},"end":{"line":15,"column":29}},"15":{"start":{"line":16,"column":0},"end":{"line":16,"column":28}},"16":{"start":{"line":17,"column":0},"end":{"line":17,"column":53}},"17":{"start":{"line":18,"column":0},"end":{"line":18,"column":23}},"18":{"start":{"line":19,"column":0},"end":{"line":19,"column":113}},"19":{"start":{"line":20,"column":0},"end":{"line":20,"column":74}},"20":{"start":{"line":21,"column":0},"end":{"line":21,"column":13}},"21":{"start":{"line":22,"column":0},"end":{"line":22,"column":10}},"22":{"start":{"line":23,"column":0},"end":{"line":23,"column":7}},"23":{"start":{"line":24,"column":0},"end":{"line":24,"column":114}},"24":{"start":{"line":25,"column":0},"end":{"line":25,"column":34}},"25":{"start":{"line":26,"column":0},"end":{"line":26,"column":117}},"26":{"start":{"line":27,"column":0},"end":{"line":27,"column":14}},"27":{"start":{"line":28,"column":0},"end":{"line":28,"column":108}},"28":{"start":{"line":29,"column":0},"end":{"line":29,"column":3}},"29":{"start":{"line":30,"column":0},"end":{"line":30,"column":1}},"30":{"start":{"line":31,"column":0},"end":{"line":31,"column":7}}},"s":{"0":0,"1":0,"2":0,"3":0,"4":0,"5":0,"6":0,"7":0,"8":0,"9":0,"10":0,"11":0,"12":0,"13":0,"14":0,"15":0,"16":0,"17":0,"18":0,"19":0,"20":0,"21":0,"22":0,"23":0,"24":0,"25":0,"26":0,"27":0,"28":0,"29":0,"30":0},"branchMap":{"0":{"type":"branch","line":1,"loc":{"start":{"line":1,"column":0},"end":{"line":31,"column":-207}},"locations":[{"start":{"line":1,"column":0},"end":{"line":31,"column":-207}}]}},"b":{"0":[0]},"fnMap":{"0":{"name":"(empty-report)","decl":{"start":{"line":1,"column":0},"end":{"line":31,"column":-207}},"loc":{"start":{"line":1,"column":0},"end":{"line":31,"column":-207}},"line":1}},"f":{"0":0}}
,"/Users/ashishsingh/Desktop/nexus-os/apps/api/debug-router.ts": {"path":"/Users/ashishsingh/Desktop/nexus-os/apps/api/debug-router.ts","all":true,"statementMap":{"0":{"start":{"line":1,"column":0},"end":{"line":1,"column":28}},"1":{"start":{"line":2,"column":0},"end":{"line":2,"column":77}},"2":{"start":{"line":3,"column":0},"end":{"line":3,"column":56}},"4":{"start":{"line":5,"column":0},"end":{"line":5,"column":23}},"5":{"start":{"line":6,"column":0},"end":{"line":6,"column":42}},"6":{"start":{"line":7,"column":0},"end":{"line":7,"column":7}},"7":{"start":{"line":8,"column":0},"end":{"line":8,"column":72}},"8":{"start":{"line":9,"column":0},"end":{"line":9,"column":65}},"9":{"start":{"line":10,"column":0},"end":{"line":10,"column":14}},"10":{"start":{"line":11,"column":0},"end":{"line":11,"column":31}},"11":{"start":{"line":12,"column":0},"end":{"line":12,"column":3}},"12":{"start":{"line":13,"column":0},"end":{"line":13,"column":1}},"13":{"start":{"line":14,"column":0},"end":{"line":14,"column":7}}},"s":{"0":0,"1":0,"2":0,"4":0,"5":0,"6":0,"7":0,"8":0,"9":0,"10":0,"11":0,"12":0,"13":0},"branchMap":{"0":{"type":"branch","line":1,"loc":{"start":{"line":1,"column":0},"end":{"line":14,"column":-155}},"locations":[{"start":{"line":1,"column":0},"end":{"line":14,"column":-155}}]}},"b":{"0":[0]},"fnMap":{"0":{"name":"(empty-report)","decl":{"start":{"line":1,"column":0},"end":{"line":14,"column":-155}},"loc":{"start":{"line":1,"column":0},"end":{"line":14,"column":-155}},"line":1}},"f":{"0":0}}
,"/Users/ashishsingh/Desktop/nexus-os/apps/api/debug.js": {"path":"/Users/ashishsingh/Desktop/nexus-os/apps/api/debug.js","all":true,"statementMap":{"0":{"start":{"line":1,"column":0},"end":{"line":1,"column":20}},"1":{"start":{"line":2,"column":0},"end":{"line":2,"column":0}},"2":{"start":{"line":3,"column":0},"end":{"line":3,"column":23}},"3":{"start":{"line":4,"column":0},"end":{"line":4,"column":43}},"4":{"start":{"line":5,"column":0},"end":{"line":5,"column":68}},"5":{"start":{"line":6,"column":0},"end":{"line":6,"column":19}},"6":{"start":{"line":7,"column":0},"end":{"line":7,"column":52}},"7":{"start":{"line":8,"column":0},"end":{"line":8,"column":77}},"8":{"start":{"line":9,"column":0},"end":{"line":9,"column":5}},"9":{"start":{"line":10,"column":0},"end":{"line":10,"column":2}},"10":{"start":{"line":11,"column":0},"end":{"line":11,"column":16}},"11":{"start":{"line":12,"column":0},"end":{"line":12,"column":46}},"12":{"start":{"line":13,"column":0},"end":{"line":13,"column":11}},"13":{"start":{"line":14,"column":0},"end":{"line":14,"column":3}},"14":{"start":{"line":15,"column":0},"end":{"line":15,"column":0}},"15":{"start":{"line":16,"column":0},"end":{"line":16,"column":39}},"16":{"start":{"line":17,"column":0},"end":{"line":17,"column":21}},"17":{"start":{"line":18,"column":0},"end":{"line":18,"column":36}},"18":{"start":{"line":19,"column":0},"end":{"line":19,"column":2}},"19":{"start":{"line":20,"column":0},"end":{"line":20,"column":54}},"20":{"start":{"line":21,"column":0},"end":{"line":21,"column":2}},"21":{"start":{"line":22,"column":0},"end":{"line":22,"column":16}},"22":{"start":{"line":23,"column":0},"end":{"line":23,"column":48}},"23":{"start":{"line":24,"column":0},"end":{"line":24,"column":15}},"24":{"start":{"line":25,"column":0},"end":{"line":25,"column":34}},"25":{"start":{"line":26,"column":0},"end":{"line":26,"column":12}},"26":{"start":{"line":27,"column":0},"end":{"line":27,"column":5}},"27":{"start":{"line":28,"column":0},"end":{"line":28,"column":40}},"28":{"start":{"line":29,"column":0},"end":{"line":29,"column":37}},"29":{"start":{"line":30,"column":0},"end":{"line":30,"column":3}},"30":{"start":{"line":31,"column":0},"end":{"line":31,"column":1}},"31":{"start":{"line":32,"column":0},"end":{"line":32,"column":28}}},"s":{"0":0,"1":0,"2":0,"3":0,"4":0,"5":0,"6":0,"7":0,"8":0,"9":0,"10":0,"11":0,"12":0,"13":0,"14":0,"15":0,"16":0,"17":0,"18":0,"19":0,"20":0,"21":0,"22":0,"23":0,"24":0,"25":0,"26":0,"27":0,"28":0,"29":0,"30":0,"31":0},"branchMap":{"0":{"type":"branch","line":1,"loc":{"start":{"line":1,"column":0},"end":{"line":32,"column":-45}},"locations":[{"start":{"line":1,"column":0},"end":{"line":32,"column":-45}}]}},"b":{"0":[0]},"fnMap":{"0":{"name":"(empty-report)","decl":{"start":{"line":1,"column":0},"end":{"line":32,"column":-45}},"loc":{"start":{"line":1,"column":0},"end":{"line":32,"column":-45}},"line":1}},"f":{"0":0}}
,"/Users/ashishsingh/Desktop/nexus-os/apps/api/vitest.e2e.config.ts": {"path":"/Users/ashishsingh/Desktop/nexus-os/apps/api/vitest.e2e.config.ts","all":true,"statementMap":{"0":{"start":{"line":1,"column":0},"end":{"line":1,"column":32}},"1":{"start":{"line":2,"column":0},"end":{"line":2,"column":45}},"2":{"start":{"line":3,"column":0},"end":{"line":3,"column":31}},"4":{"start":{"line":5,"column":0},"end":{"line":5,"column":29}},"5":{"start":{"line":6,"column":0},"end":{"line":6,"column":9}},"6":{"start":{"line":7,"column":0},"end":{"line":7,"column":48}},"7":{"start":{"line":8,"column":0},"end":{"line":8,"column":24}},"8":{"start":{"line":9,"column":0},"end":{"line":9,"column":18}},"9":{"start":{"line":10,"column":0},"end":{"line":10,"column":51}},"10":{"start":{"line":11,"column":0},"end":{"line":11,"column":23}},"11":{"start":{"line":12,"column":0},"end":{"line":12,"column":49}},"12":{"start":{"line":13,"column":0},"end":{"line":13,"column":4}},"13":{"start":{"line":14,"column":0},"end":{"line":14,"column":12}},"14":{"start":{"line":15,"column":0},"end":{"line":15,"column":12}},"15":{"start":{"line":16,"column":0},"end":{"line":16,"column":39}},"16":{"start":{"line":17,"column":0},"end":{"line":17,"column":68}},"17":{"start":{"line":18,"column":0},"end":{"line":18,"column":6}},"18":{"start":{"line":19,"column":0},"end":{"line":19,"column":4}},"19":{"start":{"line":20,"column":0},"end":{"line":20,"column":3}}},"s":{"0":0,"1":0,"2":0,"4":0,"5":0,"6":0,"7":0,"8":0,"9":0,"10":0,"11":0,"12":0,"13":0,"14":0,"15":0,"16":0,"17":0,"18":0,"19":0},"branchMap":{"0":{"type":"branch","line":1,"loc":{"start":{"line":1,"column":0},"end":{"line":20,"column":-135}},"locations":[{"start":{"line":1,"column":0},"end":{"line":20,"column":-135}}]}},"b":{"0":[0]},"fnMap":{"0":{"name":"(empty-report)","decl":{"start":{"line":1,"column":0},"end":{"line":20,"column":-135}},"loc":{"start":{"line":1,"column":0},"end":{"line":20,"column":-135}},"line":1}},"f":{"0":0}}
,"/Users/ashishsingh/Desktop/nexus-os/apps/api/consensus/consensus.ts": {"path":"/Users/ashishsingh/Desktop/nexus-os/apps/api/consensus/consensus.ts","all":true,"statementMap":{"0":{"start":{"line":1,"column":0},"end":{"line":1,"column":3}},"10":{"start":{"line":11,"column":0},"end":{"line":11,"column":31}},"12":{"start":{"line":13,"column":0},"end":{"line":13,"column":109}},"27":{"start":{"line":28,"column":0},"end":{"line":28,"column":97}},"29":{"start":{"line":30,"column":0},"end":{"line":30,"column":89}},"30":{"start":{"line":31,"column":0},"end":{"line":31,"column":24}},"31":{"start":{"line":32,"column":0},"end":{"line":32,"column":11}},"33":{"start":{"line":34,"column":0},"end":{"line":34,"column":30}},"34":{"start":{"line":35,"column":0},"end":{"line":35,"column":67}},"35":{"start":{"line":36,"column":0},"end":{"line":36,"column":44}},"37":{"start":{"line":38,"column":0},"end":{"line":38,"column":7}},"39":{"start":{"line":40,"column":0},"end":{"line":40,"column":48}},"40":{"start":{"line":41,"column":0},"end":{"line":41,"column":19}},"41":{"start":{"line":42,"column":0},"end":{"line":42,"column":21}},"42":{"start":{"line":43,"column":0},"end":{"line":43,"column":29}},"43":{"start":{"line":44,"column":0},"end":{"line":44,"column":25}},"44":{"start":{"line":45,"column":0},"end":{"line":45,"column":29}},"45":{"start":{"line":46,"column":0},"end":{"line":46,"column":29}},"46":{"start":{"line":47,"column":0},"end":{"line":47,"column":9}},"47":{"start":{"line":48,"column":0},"end":{"line":48,"column":19}},"48":{"start":{"line":49,"column":0},"end":{"line":49,"column":21}},"49":{"start":{"line":50,"column":0},"end":{"line":50,"column":29}},"50":{"start":{"line":51,"column":0},"end":{"line":51,"column":25}},"51":{"start":{"line":52,"column":0},"end":{"line":52,"column":29}},"52":{"start":{"line":53,"column":0},"end":{"line":53,"column":29}},"53":{"start":{"line":54,"column":0},"end":{"line":54,"column":9}},"54":{"start":{"line":55,"column":0},"end":{"line":55,"column":7}},"56":{"start":{"line":57,"column":0},"end":{"line":57,"column":48}},"57":{"start":{"line":58,"column":0},"end":{"line":58,"column":48}},"60":{"start":{"line":61,"column":0},"end":{"line":61,"column":138}},"62":{"start":{"line":63,"column":0},"end":{"line":63,"column":46}},"63":{"start":{"line":64,"column":0},"end":{"line":64,"column":24}},"64":{"start":{"line":65,"column":0},"end":{"line":65,"column":27}},"65":{"start":{"line":66,"column":0},"end":{"line":66,"column":23}},"66":{"start":{"line":67,"column":0},"end":{"line":67,"column":27}},"67":{"start":{"line":68,"column":0},"end":{"line":68,"column":27}},"68":{"start":{"line":69,"column":0},"end":{"line":69,"column":7}},"71":{"start":{"line":72,"column":0},"end":{"line":72,"column":86}},"72":{"start":{"line":73,"column":0},"end":{"line":73,"column":45}},"74":{"start":{"line":75,"column":0},"end":{"line":75,"column":19}},"75":{"start":{"line":76,"column":0},"end":{"line":76,"column":89}},"76":{"start":{"line":77,"column":0},"end":{"line":77,"column":16}},"77":{"start":{"line":78,"column":0},"end":{"line":78,"column":3}},"78":{"start":{"line":79,"column":0},"end":{"line":79,"column":1}}},"s":{"0":0,"10":0,"12":0,"27":0,"29":0,"30":0,"31":0,"33":0,"34":0,"35":0,"37":0,"39":0,"40":0,"41":0,"42":0,"43":0,"44":0,"45":0,"46":0,"47":0,"48":0,"49":0,"50":0,"51":0,"52":0,"53":0,"54":0,"56":0,"57":0,"60":0,"62":0,"63":0,"64":0,"65":0,"66":0,"67":0,"68":0,"71":0,"72":0,"74":0,"75":0,"76":0,"77":0,"78":0},"branchMap":{"0":{"type":"branch","line":1,"loc":{"start":{"line":1,"column":2781},"end":{"line":79,"column":1}},"locations":[{"start":{"line":1,"column":2781},"end":{"line":79,"column":1}}]}},"b":{"0":[0]},"fnMap":{"0":{"name":"(empty-report)","decl":{"start":{"line":1,"column":2781},"end":{"line":79,"column":1}},"loc":{"start":{"line":1,"column":2781},"end":{"line":79,"column":1}},"line":1}},"f":{"0":0}}
,"/Users/ashishsingh/Desktop/nexus-os/apps/api/scripts/bundle-sidecar.js": {"path":"/Users/ashishsingh/Desktop/nexus-os/apps/api/scripts/bundle-sidecar.js","all":true,"statementMap":{"0":{"start":{"line":1,"column":0},"end":{"line":1,"column":35}},"1":{"start":{"line":2,"column":0},"end":{"line":2,"column":24}},"2":{"start":{"line":3,"column":0},"end":{"line":3,"column":36}},"3":{"start":{"line":4,"column":0},"end":{"line":4,"column":0}},"4":{"start":{"line":5,"column":0},"end":{"line":5,"column":63}},"5":{"start":{"line":6,"column":0},"end":{"line":6,"column":0}},"6":{"start":{"line":7,"column":0},"end":{"line":7,"column":23}},"7":{"start":{"line":8,"column":0},"end":{"line":8,"column":48}},"8":{"start":{"line":9,"column":0},"end":{"line":9,"column":2}},"9":{"start":{"line":10,"column":0},"end":{"line":10,"column":7}},"10":{"start":{"line":11,"column":0},"end":{"line":11,"column":25}},"11":{"start":{"line":12,"column":0},"end":{"line":12,"column":61}},"12":{"start":{"line":13,"column":0},"end":{"line":13,"column":19}},"13":{"start":{"line":14,"column":0},"end":{"line":14,"column":23}},"14":{"start":{"line":15,"column":0},"end":{"line":15,"column":23}},"15":{"start":{"line":16,"column":0},"end":{"line":16,"column":68}},"16":{"start":{"line":17,"column":0},"end":{"line":17,"column":20}},"17":{"start":{"line":18,"column":0},"end":{"line":18,"column":73}},"18":{"start":{"line":19,"column":0},"end":{"line":19,"column":17}},"19":{"start":{"line":20,"column":0},"end":{"line":20,"column":91}},"20":{"start":{"line":21,"column":0},"end":{"line":21,"column":17}},"21":{"start":{"line":22,"column":0},"end":{"line":22,"column":8}},"22":{"start":{"line":23,"column":0},"end":{"line":23,"column":15}},"23":{"start":{"line":24,"column":0},"end":{"line":24,"column":24}},"24":{"start":{"line":25,"column":0},"end":{"line":25,"column":8}},"25":{"start":{"line":26,"column":0},"end":{"line":26,"column":15}},"26":{"start":{"line":27,"column":0},"end":{"line":27,"column":45}},"27":{"start":{"line":28,"column":0},"end":{"line":28,"column":8}},"28":{"start":{"line":29,"column":0},"end":{"line":29,"column":52}},"29":{"start":{"line":30,"column":0},"end":{"line":30,"column":22}},"30":{"start":{"line":31,"column":0},"end":{"line":31,"column":7}},"31":{"start":{"line":32,"column":0},"end":{"line":32,"column":4}},"32":{"start":{"line":33,"column":0},"end":{"line":33,"column":65}},"33":{"start":{"line":34,"column":0},"end":{"line":34,"column":176}},"34":{"start":{"line":35,"column":0},"end":{"line":35,"column":4}},"35":{"start":{"line":36,"column":0},"end":{"line":36,"column":17}},"36":{"start":{"line":37,"column":0},"end":{"line":37,"column":43}},"37":{"start":{"line":38,"column":0},"end":{"line":38,"column":20}},"38":{"start":{"line":39,"column":0},"end":{"line":39,"column":3}},"39":{"start":{"line":40,"column":0},"end":{"line":40,"column":1}},"40":{"start":{"line":41,"column":0},"end":{"line":41,"column":0}},"41":{"start":{"line":42,"column":0},"end":{"line":42,"column":7}}},"s":{"0":0,"1":0,"2":0,"3":0,"4":0,"5":0,"6":0,"7":0,"8":0,"9":0,"10":0,"11":0,"12":0,"13":0,"14":0,"15":0,"16":0,"17":0,"18":0,"19":0,"20":0,"21":0,"22":0,"23":0,"24":0,"25":0,"26":0,"27":0,"28":0,"29":0,"30":0,"31":0,"32":0,"33":0,"34":0,"35":0,"36":0,"37":0,"38":0,"39":0,"40":0,"41":0},"branchMap":{"0":{"type":"branch","line":1,"loc":{"start":{"line":1,"column":0},"end":{"line":42,"column":-286}},"locations":[{"start":{"line":1,"column":0},"end":{"line":42,"column":-286}}]}},"b":{"0":[0]},"fnMap":{"0":{"name":"(empty-report)","decl":{"start":{"line":1,"column":0},"end":{"line":42,"column":-286}},"loc":{"start":{"line":1,"column":0},"end":{"line":42,"column":-286}},"line":1}},"f":{"0":0}}
,"/Users/ashishsingh/Desktop/nexus-os/apps/api/scripts/migrate.ts": {"path":"/Users/ashishsingh/Desktop/nexus-os/apps/api/scripts/migrate.ts","all":true,"statementMap":{"0":{"start":{"line":1,"column":0},"end":{"line":1,"column":3}},"11":{"start":{"line":12,"column":0},"end":{"line":12,"column":23}},"12":{"start":{"line":13,"column":0},"end":{"line":13,"column":48}},"13":{"start":{"line":14,"column":0},"end":{"line":14,"column":37}},"14":{"start":{"line":15,"column":0},"end":{"line":15,"column":36}},"15":{"start":{"line":16,"column":0},"end":{"line":16,"column":53}},"17":{"start":{"line":18,"column":0},"end":{"line":18,"column":58}},"18":{"start":{"line":19,"column":0},"end":{"line":19,"column":63}},"20":{"start":{"line":21,"column":0},"end":{"line":21,"column":23}},"21":{"start":{"line":22,"column":0},"end":{"line":22,"column":39}},"22":{"start":{"line":23,"column":0},"end":{"line":23,"column":47}},"24":{"start":{"line":25,"column":0},"end":{"line":25,"column":21}},"25":{"start":{"line":26,"column":0},"end":{"line":26,"column":83}},"26":{"start":{"line":27,"column":0},"end":{"line":27,"column":20}},"27":{"start":{"line":28,"column":0},"end":{"line":28,"column":3}},"29":{"start":{"line":30,"column":0},"end":{"line":30,"column":42}},"32":{"start":{"line":33,"column":0},"end":{"line":33,"column":62}},"33":{"start":{"line":34,"column":0},"end":{"line":34,"column":10}},"40":{"start":{"line":41,"column":0},"end":{"line":41,"column":19}},"43":{"start":{"line":44,"column":0},"end":{"line":44,"column":59}},"44":{"start":{"line":45,"column":0},"end":{"line":45,"column":27}},"45":{"start":{"line":46,"column":0},"end":{"line":46,"column":24}},"47":{"start":{"line":48,"column":0},"end":{"line":48,"column":17}},"48":{"start":{"line":49,"column":0},"end":{"line":49,"column":78}},"49":{"start":{"line":50,"column":0},"end":{"line":50,"column":78}},"50":{"start":{"line":51,"column":0},"end":{"line":51,"column":74}},"51":{"start":{"line":52,"column":0},"end":{"line":52,"column":94}},"52":{"start":{"line":53,"column":0},"end":{"line":53,"column":53}},"53":{"start":{"line":54,"column":0},"end":{"line":54,"column":168}},"54":{"start":{"line":55,"column":0},"end":{"line":55,"column":49}},"55":{"start":{"line":56,"column":0},"end":{"line":56,"column":150}},"56":{"start":{"line":57,"column":0},"end":{"line":57,"column":76}},"57":{"start":{"line":58,"column":0},"end":{"line":58,"column":12}},"58":{"start":{"line":59,"column":0},"end":{"line":59,"column":94}},"59":{"start":{"line":60,"column":0},"end":{"line":60,"column":5}},"60":{"start":{"line":61,"column":0},"end":{"line":61,"column":20}},"61":{"start":{"line":62,"column":0},"end":{"line":62,"column":3}},"63":{"start":{"line":64,"column":0},"end":{"line":64,"column":91}},"66":{"start":{"line":67,"column":0},"end":{"line":67,"column":22}},"67":{"start":{"line":68,"column":0},"end":{"line":68,"column":7}},"68":{"start":{"line":69,"column":0},"end":{"line":69,"column":43}},"69":{"start":{"line":70,"column":0},"end":{"line":70,"column":40}},"70":{"start":{"line":71,"column":0},"end":{"line":71,"column":56}},"71":{"start":{"line":72,"column":0},"end":{"line":72,"column":11}},"72":{"start":{"line":73,"column":0},"end":{"line":73,"column":88}},"73":{"start":{"line":74,"column":0},"end":{"line":74,"column":20}},"74":{"start":{"line":75,"column":0},"end":{"line":75,"column":3}},"76":{"start":{"line":77,"column":0},"end":{"line":77,"column":58}},"78":{"start":{"line":79,"column":0},"end":{"line":79,"column":29}},"79":{"start":{"line":80,"column":0},"end":{"line":80,"column":78}},"80":{"start":{"line":81,"column":0},"end":{"line":81,"column":11}},"81":{"start":{"line":82,"column":0},"end":{"line":82,"column":3}},"83":{"start":{"line":84,"column":0},"end":{"line":84,"column":73}},"84":{"start":{"line":85,"column":0},"end":{"line":85,"column":58}},"87":{"start":{"line":88,"column":0},"end":{"line":88,"column":35}},"88":{"start":{"line":89,"column":0},"end":{"line":89,"column":52}},"89":{"start":{"line":90,"column":0},"end":{"line":90,"column":49}},"91":{"start":{"line":92,"column":0},"end":{"line":92,"column":56}},"94":{"start":{"line":95,"column":0},"end":{"line":95,"column":84}},"96":{"start":{"line":97,"column":0},"end":{"line":97,"column":17}},"97":{"start":{"line":98,"column":0},"end":{"line":98,"column":74}},"98":{"start":{"line":99,"column":0},"end":{"line":99,"column":72}},"99":{"start":{"line":100,"column":0},"end":{"line":100,"column":22}},"100":{"start":{"line":101,"column":0},"end":{"line":101,"column":5}},"103":{"start":{"line":104,"column":0},"end":{"line":104,"column":44}},"104":{"start":{"line":105,"column":0},"end":{"line":105,"column":29}},"105":{"start":{"line":106,"column":0},"end":{"line":106,"column":28}},"107":{"start":{"line":108,"column":0},"end":{"line":108,"column":17}},"108":{"start":{"line":109,"column":0},"end":{"line":109,"column":98}},"110":{"start":{"line":111,"column":0},"end":{"line":111,"column":5}},"112":{"start":{"line":113,"column":0},"end":{"line":113,"column":51}},"113":{"start":{"line":114,"column":0},"end":{"line":114,"column":3}},"115":{"start":{"line":116,"column":0},"end":{"line":116,"column":68}},"116":{"start":{"line":117,"column":0},"end":{"line":117,"column":1}},"118":{"start":{"line":119,"column":0},"end":{"line":119,"column":23}},"119":{"start":{"line":120,"column":0},"end":{"line":120,"column":52}},"120":{"start":{"line":121,"column":0},"end":{"line":121,"column":18}},"121":{"start":{"line":122,"column":0},"end":{"line":122,"column":3}}},"s":{"0":0,"11":0,"12":0,"13":0,"14":0,"15":0,"17":0,"18":0,"20":0,"21":0,"22":0,"24":0,"25":0,"26":0,"27":0,"29":0,"32":0,"33":0,"40":0,"43":0,"44":0,"45":0,"47":0,"48":0,"49":0,"50":0,"51":0,"52":0,"53":0,"54":0,"55":0,"56":0,"57":0,"58":0,"59":0,"60":0,"61":0,"63":0,"66":0,"67":0,"68":0,"69":0,"70":0,"71":0,"72":0,"73":0,"74":0,"76":0,"78":0,"79":0,"80":0,"81":0,"83":0,"84":0,"87":0,"88":0,"89":0,"91":0,"94":0,"96":0,"97":0,"98":0,"99":0,"100":0,"103":0,"104":0,"105":0,"107":0,"108":0,"110":0,"112":0,"113":0,"115":0,"116":0,"118":0,"119":0,"120":0,"121":0},"branchMap":{"0":{"type":"branch","line":1,"loc":{"start":{"line":1,"column":4507},"end":{"line":122,"column":3}},"locations":[{"start":{"line":1,"column":4507},"end":{"line":122,"column":3}}]}},"b":{"0":[0]},"fnMap":{"0":{"name":"(empty-report)","decl":{"start":{"line":1,"column":4507},"end":{"line":122,"column":3}},"loc":{"start":{"line":1,"column":4507},"end":{"line":122,"column":3}},"line":1}},"f":{"0":0}}
,"/Users/ashishsingh/Desktop/nexus-os/apps/api/src/ApprovalGuard.ts": {"path":"/Users/ashishsingh/Desktop/nexus-os/apps/api/src/ApprovalGuard.ts","all":true,"statementMap":{"0":{"start":{"line":1,"column":0},"end":{"line":1,"column":58}},"2":{"start":{"line":3,"column":0},"end":{"line":3,"column":28}},"3":{"start":{"line":4,"column":0},"end":{"line":4,"column":41}},"4":{"start":{"line":5,"column":0},"end":{"line":5,"column":76}},"6":{"start":{"line":7,"column":0},"end":{"line":7,"column":26}},"8":{"start":{"line":9,"column":0},"end":{"line":9,"column":39}},"9":{"start":{"line":10,"column":0},"end":{"line":10,"column":34}},"10":{"start":{"line":11,"column":0},"end":{"line":11,"column":51}},"11":{"start":{"line":12,"column":0},"end":{"line":12,"column":5}},"12":{"start":{"line":13,"column":0},"end":{"line":13,"column":34}},"13":{"start":{"line":14,"column":0},"end":{"line":14,"column":3}},"18":{"start":{"line":19,"column":0},"end":{"line":19,"column":67}},"19":{"start":{"line":20,"column":0},"end":{"line":20,"column":41}},"20":{"start":{"line":21,"column":0},"end":{"line":21,"column":90}},"22":{"start":{"line":23,"column":0},"end":{"line":23,"column":74}},"24":{"start":{"line":25,"column":0},"end":{"line":25,"column":9}},"25":{"start":{"line":26,"column":0},"end":{"line":26,"column":43}},"26":{"start":{"line":27,"column":0},"end":{"line":27,"column":55}},"27":{"start":{"line":28,"column":0},"end":{"line":28,"column":30}},"28":{"start":{"line":29,"column":0},"end":{"line":29,"column":24}},"29":{"start":{"line":30,"column":0},"end":{"line":30,"column":26}},"30":{"start":{"line":31,"column":0},"end":{"line":31,"column":29}},"31":{"start":{"line":32,"column":0},"end":{"line":32,"column":9}},"32":{"start":{"line":33,"column":0},"end":{"line":33,"column":19}},"33":{"start":{"line":34,"column":0},"end":{"line":34,"column":82}},"34":{"start":{"line":35,"column":0},"end":{"line":35,"column":5}},"36":{"start":{"line":37,"column":0},"end":{"line":37,"column":37}},"37":{"start":{"line":38,"column":0},"end":{"line":38,"column":46}},"40":{"start":{"line":41,"column":0},"end":{"line":41,"column":24}},"41":{"start":{"line":42,"column":0},"end":{"line":42,"column":45}},"42":{"start":{"line":43,"column":0},"end":{"line":43,"column":116}},"43":{"start":{"line":44,"column":0},"end":{"line":44,"column":49}},"44":{"start":{"line":45,"column":0},"end":{"line":45,"column":9}},"45":{"start":{"line":46,"column":0},"end":{"line":46,"column":25}},"46":{"start":{"line":47,"column":0},"end":{"line":47,"column":7}},"47":{"start":{"line":48,"column":0},"end":{"line":48,"column":3}},"52":{"start":{"line":53,"column":0},"end":{"line":53,"column":89}},"53":{"start":{"line":54,"column":0},"end":{"line":54,"column":41}},"54":{"start":{"line":55,"column":0},"end":{"line":55,"column":52}},"56":{"start":{"line":57,"column":0},"end":{"line":57,"column":9}},"57":{"start":{"line":58,"column":0},"end":{"line":58,"column":43}},"58":{"start":{"line":59,"column":0},"end":{"line":59,"column":46}},"59":{"start":{"line":60,"column":0},"end":{"line":60,"column":63}},"60":{"start":{"line":61,"column":0},"end":{"line":61,"column":59}},"61":{"start":{"line":62,"column":0},"end":{"line":62,"column":19}},"62":{"start":{"line":63,"column":0},"end":{"line":63,"column":86}},"63":{"start":{"line":64,"column":0},"end":{"line":64,"column":5}},"65":{"start":{"line":66,"column":0},"end":{"line":66,"column":19}},"66":{"start":{"line":67,"column":0},"end":{"line":67,"column":117}},"67":{"start":{"line":68,"column":0},"end":{"line":68,"column":25}},"68":{"start":{"line":69,"column":0},"end":{"line":69,"column":40}},"69":{"start":{"line":70,"column":0},"end":{"line":70,"column":18}},"70":{"start":{"line":71,"column":0},"end":{"line":71,"column":5}},"72":{"start":{"line":73,"column":0},"end":{"line":73,"column":100}},"73":{"start":{"line":74,"column":0},"end":{"line":74,"column":17}},"74":{"start":{"line":75,"column":0},"end":{"line":75,"column":3}},"79":{"start":{"line":80,"column":0},"end":{"line":80,"column":48}},"80":{"start":{"line":81,"column":0},"end":{"line":81,"column":9}},"81":{"start":{"line":82,"column":0},"end":{"line":82,"column":71}},"82":{"start":{"line":83,"column":0},"end":{"line":83,"column":43}},"83":{"start":{"line":84,"column":0},"end":{"line":84,"column":80}},"85":{"start":{"line":86,"column":0},"end":{"line":86,"column":44}},"86":{"start":{"line":87,"column":0},"end":{"line":87,"column":34}},"87":{"start":{"line":88,"column":0},"end":{"line":88,"column":39}},"88":{"start":{"line":89,"column":0},"end":{"line":89,"column":32}},"89":{"start":{"line":90,"column":0},"end":{"line":90,"column":41}},"91":{"start":{"line":92,"column":0},"end":{"line":92,"column":29}},"92":{"start":{"line":93,"column":0},"end":{"line":93,"column":73}},"93":{"start":{"line":94,"column":0},"end":{"line":94,"column":19}},"94":{"start":{"line":95,"column":0},"end":{"line":95,"column":78}},"95":{"start":{"line":96,"column":0},"end":{"line":96,"column":5}},"96":{"start":{"line":97,"column":0},"end":{"line":97,"column":3}},"97":{"start":{"line":98,"column":0},"end":{"line":98,"column":1}},"99":{"start":{"line":100,"column":0},"end":{"line":100,"column":57}}},"s":{"0":0,"2":0,"3":0,"4":0,"6":0,"8":0,"9":0,"10":0,"11":0,"12":0,"13":0,"18":0,"19":0,"20":0,"22":0,"24":0,"25":0,"26":0,"27":0,"28":0,"29":0,"30":0,"31":0,"32":0,"33":0,"34":0,"36":0,"37":0,"40":0,"41":0,"42":0,"43":0,"44":0,"45":0,"46":0,"47":0,"52":0,"53":0,"54":0,"56":0,"57":0,"58":0,"59":0,"60":0,"61":0,"62":0,"63":0,"65":0,"66":0,"67":0,"68":0,"69":0,"70":0,"72":0,"73":0,"74":0,"79":0,"80":0,"81":0,"82":0,"83":0,"85":0,"86":0,"87":0,"88":0,"89":0,"91":0,"92":0,"93":0,"94":0,"95":0,"96":0,"97":0,"99":0},"branchMap":{"0":{"type":"branch","line":1,"loc":{"start":{"line":1,"column":3326},"end":{"line":100,"column":57}},"locations":[{"start":{"line":1,"column":3326},"end":{"line":100,"column":57}}]}},"b":{"0":[0]},"fnMap":{"0":{"name":"(empty-report)","decl":{"start":{"line":1,"column":3326},"end":{"line":100,"column":57}},"loc":{"start":{"line":1,"column":3326},"end":{"line":100,"column":57}},"line":1}},"f":{"0":0}}
,"/Users/ashishsingh/Desktop/nexus-os/apps/api/src/DynamicPlanner.ts": {"path":"/Users/ashishsingh/Desktop/nexus-os/apps/api/src/DynamicPlanner.ts","all":true,"statementMap":{"0":{"start":{"line":1,"column":0},"end":{"line":1,"column":3}},"20":{"start":{"line":21,"column":0},"end":{"line":21,"column":29}},"24":{"start":{"line":25,"column":0},"end":{"line":25,"column":18}},"25":{"start":{"line":26,"column":0},"end":{"line":26,"column":17}},"26":{"start":{"line":27,"column":0},"end":{"line":27,"column":29}},"27":{"start":{"line":28,"column":0},"end":{"line":28,"column":21}},"28":{"start":{"line":29,"column":0},"end":{"line":29,"column":34}},"29":{"start":{"line":30,"column":0},"end":{"line":30,"column":76}},"31":{"start":{"line":32,"column":0},"end":{"line":32,"column":88}},"33":{"start":{"line":34,"column":0},"end":{"line":34,"column":36}},"34":{"start":{"line":35,"column":0},"end":{"line":35,"column":97}},"35":{"start":{"line":36,"column":0},"end":{"line":36,"column":20}},"37":{"start":{"line":38,"column":0},"end":{"line":38,"column":20}},"39":{"start":{"line":40,"column":0},"end":{"line":40,"column":25}},"40":{"start":{"line":41,"column":0},"end":{"line":41,"column":36}},"43":{"start":{"line":44,"column":0},"end":{"line":44,"column":23}},"59":{"start":{"line":60,"column":0},"end":{"line":60,"column":9}},"60":{"start":{"line":61,"column":0},"end":{"line":61,"column":40}},"61":{"start":{"line":62,"column":0},"end":{"line":62,"column":58}},"62":{"start":{"line":63,"column":0},"end":{"line":63,"column":21}},"63":{"start":{"line":64,"column":0},"end":{"line":64,"column":27}},"64":{"start":{"line":65,"column":0},"end":{"line":65,"column":25}},"65":{"start":{"line":66,"column":0},"end":{"line":66,"column":24}},"66":{"start":{"line":67,"column":0},"end":{"line":67,"column":23}},"67":{"start":{"line":68,"column":0},"end":{"line":68,"column":9}},"69":{"start":{"line":70,"column":0},"end":{"line":70,"column":69}},"71":{"start":{"line":72,"column":0},"end":{"line":72,"column":105}},"72":{"start":{"line":73,"column":0},"end":{"line":73,"column":22}},"73":{"start":{"line":74,"column":0},"end":{"line":74,"column":19}},"74":{"start":{"line":75,"column":0},"end":{"line":75,"column":88}},"75":{"start":{"line":76,"column":0},"end":{"line":76,"column":77}},"76":{"start":{"line":77,"column":0},"end":{"line":77,"column":5}},"77":{"start":{"line":78,"column":0},"end":{"line":78,"column":3}},"79":{"start":{"line":80,"column":0},"end":{"line":80,"column":57}},"80":{"start":{"line":81,"column":0},"end":{"line":81,"column":33}},"81":{"start":{"line":82,"column":0},"end":{"line":82,"column":92}},"82":{"start":{"line":83,"column":0},"end":{"line":83,"column":30}},"83":{"start":{"line":84,"column":0},"end":{"line":84,"column":51}},"84":{"start":{"line":85,"column":0},"end":{"line":85,"column":29}},"85":{"start":{"line":86,"column":0},"end":{"line":86,"column":7}},"86":{"start":{"line":87,"column":0},"end":{"line":87,"column":7}},"87":{"start":{"line":88,"column":0},"end":{"line":88,"column":3}},"88":{"start":{"line":89,"column":0},"end":{"line":89,"column":1}},"90":{"start":{"line":91,"column":0},"end":{"line":91,"column":51}}},"s":{"0":0,"20":0,"24":0,"25":0,"26":0,"27":0,"28":0,"29":0,"31":0,"33":0,"34":0,"35":0,"37":0,"39":0,"40":0,"43":0,"59":0,"60":0,"61":0,"62":0,"63":0,"64":0,"65":0,"66":0,"67":0,"69":0,"71":0,"72":0,"73":0,"74":0,"75":0,"76":0,"77":0,"79":0,"80":0,"81":0,"82":0,"83":0,"84":0,"85":0,"86":0,"87":0,"88":0,"90":0},"branchMap":{"0":{"type":"branch","line":1,"loc":{"start":{"line":1,"column":2833},"end":{"line":91,"column":51}},"locations":[{"start":{"line":1,"column":2833},"end":{"line":91,"column":51}}]}},"b":{"0":[0]},"fnMap":{"0":{"name":"(empty-report)","decl":{"start":{"line":1,"column":2833},"end":{"line":91,"column":51}},"loc":{"start":{"line":1,"column":2833},"end":{"line":91,"column":51}},"line":1}},"f":{"0":0}}
,"/Users/ashishsingh/Desktop/nexus-os/apps/api/src/RecursiveRunner.ts": {"path":"/Users/ashishsingh/Desktop/nexus-os/apps/api/src/RecursiveRunner.ts","all":true,"statementMap":{"0":{"start":{"line":1,"column":0},"end":{"line":1,"column":3}},"14":{"start":{"line":15,"column":0},"end":{"line":15,"column":30}},"18":{"start":{"line":19,"column":0},"end":{"line":19,"column":38}},"19":{"start":{"line":20,"column":0},"end":{"line":20,"column":51}},"20":{"start":{"line":21,"column":0},"end":{"line":21,"column":147}},"21":{"start":{"line":22,"column":0},"end":{"line":22,"column":3}},"26":{"start":{"line":27,"column":0},"end":{"line":27,"column":18}},"27":{"start":{"line":28,"column":0},"end":{"line":28,"column":25}},"28":{"start":{"line":29,"column":0},"end":{"line":29,"column":23}},"29":{"start":{"line":30,"column":0},"end":{"line":30,"column":28}},"30":{"start":{"line":31,"column":0},"end":{"line":31,"column":13}},"31":{"start":{"line":32,"column":0},"end":{"line":32,"column":23}},"32":{"start":{"line":33,"column":0},"end":{"line":33,"column":21}},"33":{"start":{"line":34,"column":0},"end":{"line":34,"column":104}},"34":{"start":{"line":35,"column":0},"end":{"line":35,"column":14}},"35":{"start":{"line":36,"column":0},"end":{"line":36,"column":42}},"36":{"start":{"line":37,"column":0},"end":{"line":37,"column":31}},"37":{"start":{"line":38,"column":0},"end":{"line":38,"column":29}},"38":{"start":{"line":39,"column":0},"end":{"line":39,"column":26}},"39":{"start":{"line":40,"column":0},"end":{"line":40,"column":68}},"40":{"start":{"line":41,"column":0},"end":{"line":41,"column":50}},"41":{"start":{"line":42,"column":0},"end":{"line":42,"column":26}},"42":{"start":{"line":43,"column":0},"end":{"line":43,"column":32}},"43":{"start":{"line":44,"column":0},"end":{"line":44,"column":19}},"44":{"start":{"line":45,"column":0},"end":{"line":45,"column":8}},"45":{"start":{"line":46,"column":0},"end":{"line":46,"column":5}},"47":{"start":{"line":48,"column":0},"end":{"line":48,"column":86}},"49":{"start":{"line":50,"column":0},"end":{"line":50,"column":20}},"51":{"start":{"line":52,"column":0},"end":{"line":52,"column":34}},"52":{"start":{"line":53,"column":0},"end":{"line":53,"column":81}},"55":{"start":{"line":56,"column":0},"end":{"line":56,"column":24}},"64":{"start":{"line":65,"column":0},"end":{"line":65,"column":44}},"65":{"start":{"line":66,"column":0},"end":{"line":66,"column":38}},"82":{"start":{"line":83,"column":0},"end":{"line":83,"column":9}},"83":{"start":{"line":84,"column":0},"end":{"line":84,"column":40}},"84":{"start":{"line":85,"column":0},"end":{"line":85,"column":57}},"85":{"start":{"line":86,"column":0},"end":{"line":86,"column":21}},"86":{"start":{"line":87,"column":0},"end":{"line":87,"column":27}},"87":{"start":{"line":88,"column":0},"end":{"line":88,"column":25}},"88":{"start":{"line":89,"column":0},"end":{"line":89,"column":24}},"89":{"start":{"line":90,"column":0},"end":{"line":90,"column":23}},"90":{"start":{"line":91,"column":0},"end":{"line":91,"column":9}},"92":{"start":{"line":93,"column":0},"end":{"line":93,"column":56}},"94":{"start":{"line":95,"column":0},"end":{"line":95,"column":91}},"95":{"start":{"line":96,"column":0},"end":{"line":96,"column":20}},"96":{"start":{"line":97,"column":0},"end":{"line":97,"column":19}},"97":{"start":{"line":98,"column":0},"end":{"line":98,"column":102}},"98":{"start":{"line":99,"column":0},"end":{"line":99,"column":16}},"99":{"start":{"line":100,"column":0},"end":{"line":100,"column":5}},"100":{"start":{"line":101,"column":0},"end":{"line":101,"column":3}},"105":{"start":{"line":106,"column":0},"end":{"line":106,"column":58}},"106":{"start":{"line":107,"column":0},"end":{"line":107,"column":23}},"107":{"start":{"line":108,"column":0},"end":{"line":108,"column":92}},"108":{"start":{"line":109,"column":0},"end":{"line":109,"column":27}},"109":{"start":{"line":110,"column":0},"end":{"line":110,"column":3}},"110":{"start":{"line":111,"column":0},"end":{"line":111,"column":1}},"112":{"start":{"line":113,"column":0},"end":{"line":113,"column":53}}},"s":{"0":0,"14":0,"18":0,"19":0,"20":0,"21":0,"26":0,"27":0,"28":0,"29":0,"30":0,"31":0,"32":0,"33":0,"34":0,"35":0,"36":0,"37":0,"38":0,"39":0,"40":0,"41":0,"42":0,"43":0,"44":0,"45":0,"47":0,"49":0,"51":0,"52":0,"55":0,"64":0,"65":0,"82":0,"83":0,"84":0,"85":0,"86":0,"87":0,"88":0,"89":0,"90":0,"92":0,"94":0,"95":0,"96":0,"97":0,"98":0,"99":0,"100":0,"105":0,"106":0,"107":0,"108":0,"109":0,"110":0,"112":0},"branchMap":{"0":{"type":"branch","line":1,"loc":{"start":{"line":1,"column":3351},"end":{"line":113,"column":53}},"locations":[{"start":{"line":1,"column":3351},"end":{"line":113,"column":53}}]}},"b":{"0":[0]},"fnMap":{"0":{"name":"(empty-report)","decl":{"start":{"line":1,"column":3351},"end":{"line":113,"column":53}},"loc":{"start":{"line":1,"column":3351},"end":{"line":113,"column":53}},"line":1}},"f":{"0":0}}
,"/Users/ashishsingh/Desktop/nexus-os/apps/api/src/WatchdogAgent.ts": {"path":"/Users/ashishsingh/Desktop/nexus-os/apps/api/src/WatchdogAgent.ts","all":true,"statementMap":{"0":{"start":{"line":1,"column":0},"end":{"line":1,"column":3}},"11":{"start":{"line":12,"column":0},"end":{"line":12,"column":28}},"12":{"start":{"line":13,"column":0},"end":{"line":13,"column":61}},"13":{"start":{"line":14,"column":0},"end":{"line":14,"column":55}},"18":{"start":{"line":19,"column":0},"end":{"line":19,"column":18}},"19":{"start":{"line":20,"column":0},"end":{"line":20,"column":22}},"20":{"start":{"line":21,"column":0},"end":{"line":21,"column":17}},"21":{"start":{"line":22,"column":0},"end":{"line":22,"column":26}},"22":{"start":{"line":23,"column":0},"end":{"line":23,"column":45}},"23":{"start":{"line":24,"column":0},"end":{"line":24,"column":11}},"24":{"start":{"line":25,"column":0},"end":{"line":25,"column":70}},"26":{"start":{"line":27,"column":0},"end":{"line":27,"column":39}},"28":{"start":{"line":29,"column":0},"end":{"line":29,"column":33}},"29":{"start":{"line":30,"column":0},"end":{"line":30,"column":41}},"30":{"start":{"line":31,"column":0},"end":{"line":31,"column":41}},"32":{"start":{"line":33,"column":0},"end":{"line":33,"column":37}},"33":{"start":{"line":34,"column":0},"end":{"line":34,"column":18}},"34":{"start":{"line":35,"column":0},"end":{"line":35,"column":99}},"35":{"start":{"line":36,"column":0},"end":{"line":36,"column":22}},"37":{"start":{"line":38,"column":0},"end":{"line":38,"column":22}},"39":{"start":{"line":40,"column":0},"end":{"line":40,"column":31}},"42":{"start":{"line":43,"column":0},"end":{"line":43,"column":24}},"56":{"start":{"line":57,"column":0},"end":{"line":57,"column":11}},"57":{"start":{"line":58,"column":0},"end":{"line":58,"column":42}},"58":{"start":{"line":59,"column":0},"end":{"line":59,"column":58}},"59":{"start":{"line":60,"column":0},"end":{"line":60,"column":23}},"60":{"start":{"line":61,"column":0},"end":{"line":61,"column":29}},"61":{"start":{"line":62,"column":0},"end":{"line":62,"column":27}},"62":{"start":{"line":63,"column":0},"end":{"line":63,"column":26}},"63":{"start":{"line":64,"column":0},"end":{"line":64,"column":25}},"64":{"start":{"line":65,"column":0},"end":{"line":65,"column":11}},"65":{"start":{"line":66,"column":0},"end":{"line":66,"column":46}},"66":{"start":{"line":67,"column":0},"end":{"line":67,"column":38}},"67":{"start":{"line":68,"column":0},"end":{"line":68,"column":78}},"68":{"start":{"line":69,"column":0},"end":{"line":69,"column":40}},"69":{"start":{"line":70,"column":0},"end":{"line":70,"column":9}},"70":{"start":{"line":71,"column":0},"end":{"line":71,"column":43}},"71":{"start":{"line":72,"column":0},"end":{"line":72,"column":21}},"72":{"start":{"line":73,"column":0},"end":{"line":73,"column":62}},"73":{"start":{"line":74,"column":0},"end":{"line":74,"column":21}},"74":{"start":{"line":75,"column":0},"end":{"line":75,"column":52}},"75":{"start":{"line":76,"column":0},"end":{"line":76,"column":82}},"76":{"start":{"line":77,"column":0},"end":{"line":77,"column":7}},"78":{"start":{"line":79,"column":0},"end":{"line":79,"column":60}},"79":{"start":{"line":80,"column":0},"end":{"line":80,"column":28}},"80":{"start":{"line":81,"column":0},"end":{"line":81,"column":39}},"81":{"start":{"line":82,"column":0},"end":{"line":82,"column":7}},"82":{"start":{"line":83,"column":0},"end":{"line":83,"column":62}},"83":{"start":{"line":84,"column":0},"end":{"line":84,"column":73}},"84":{"start":{"line":85,"column":0},"end":{"line":85,"column":57}},"85":{"start":{"line":86,"column":0},"end":{"line":86,"column":49}},"86":{"start":{"line":87,"column":0},"end":{"line":87,"column":6}},"88":{"start":{"line":89,"column":0},"end":{"line":89,"column":49}},"89":{"start":{"line":90,"column":0},"end":{"line":90,"column":44}},"90":{"start":{"line":91,"column":0},"end":{"line":91,"column":3}},"95":{"start":{"line":96,"column":0},"end":{"line":96,"column":43}},"96":{"start":{"line":97,"column":0},"end":{"line":97,"column":51}},"97":{"start":{"line":98,"column":0},"end":{"line":98,"column":19}},"98":{"start":{"line":99,"column":0},"end":{"line":99,"column":30}},"99":{"start":{"line":100,"column":0},"end":{"line":100,"column":39}},"100":{"start":{"line":101,"column":0},"end":{"line":101,"column":41}},"101":{"start":{"line":102,"column":0},"end":{"line":102,"column":68}},"102":{"start":{"line":103,"column":0},"end":{"line":103,"column":5}},"103":{"start":{"line":104,"column":0},"end":{"line":104,"column":3}},"104":{"start":{"line":105,"column":0},"end":{"line":105,"column":1}},"106":{"start":{"line":107,"column":0},"end":{"line":107,"column":49}}},"s":{"0":0,"11":0,"12":0,"13":0,"18":0,"19":0,"20":0,"21":0,"22":0,"23":0,"24":0,"26":0,"28":0,"29":0,"30":0,"32":0,"33":0,"34":0,"35":0,"37":0,"39":0,"42":0,"56":0,"57":0,"58":0,"59":0,"60":0,"61":0,"62":0,"63":0,"64":0,"65":0,"66":0,"67":0,"68":0,"69":0,"70":0,"71":0,"72":0,"73":0,"74":0,"75":0,"76":0,"78":0,"79":0,"80":0,"81":0,"82":0,"83":0,"84":0,"85":0,"86":0,"88":0,"89":0,"90":0,"95":0,"96":0,"97":0,"98":0,"99":0,"100":0,"101":0,"102":0,"103":0,"104":0,"106":0},"branchMap":{"0":{"type":"branch","line":1,"loc":{"start":{"line":1,"column":3427},"end":{"line":107,"column":49}},"locations":[{"start":{"line":1,"column":3427},"end":{"line":107,"column":49}}]}},"b":{"0":[0]},"fnMap":{"0":{"name":"(empty-report)","decl":{"start":{"line":1,"column":3427},"end":{"line":107,"column":49}},"loc":{"start":{"line":1,"column":3427},"end":{"line":107,"column":49}},"line":1}},"f":{"0":0}}
,"/Users/ashishsingh/Desktop/nexus-os/apps/api/src/actionEngine.ts": {"path":"/Users/ashishsingh/Desktop/nexus-os/apps/api/src/actionEngine.ts","all":true,"statementMap":{"2":{"start":{"line":3,"column":0},"end":{"line":3,"column":73}},"3":{"start":{"line":4,"column":0},"end":{"line":4,"column":35}},"4":{"start":{"line":5,"column":0},"end":{"line":5,"column":26}},"6":{"start":{"line":7,"column":0},"end":{"line":7,"column":45}},"7":{"start":{"line":8,"column":0},"end":{"line":8,"column":38}},"8":{"start":{"line":9,"column":0},"end":{"line":9,"column":55}},"9":{"start":{"line":10,"column":0},"end":{"line":10,"column":90}},"10":{"start":{"line":11,"column":0},"end":{"line":11,"column":91}},"12":{"start":{"line":13,"column":0},"end":{"line":13,"column":35}},"13":{"start":{"line":14,"column":0},"end":{"line":14,"column":22}},"14":{"start":{"line":15,"column":0},"end":{"line":15,"column":57}},"15":{"start":{"line":16,"column":0},"end":{"line":16,"column":42}},"16":{"start":{"line":17,"column":0},"end":{"line":17,"column":81}},"17":{"start":{"line":18,"column":0},"end":{"line":18,"column":27}},"18":{"start":{"line":19,"column":0},"end":{"line":19,"column":26}},"19":{"start":{"line":20,"column":0},"end":{"line":20,"column":39}},"20":{"start":{"line":21,"column":0},"end":{"line":21,"column":11}},"21":{"start":{"line":22,"column":0},"end":{"line":22,"column":9}},"23":{"start":{"line":24,"column":0},"end":{"line":24,"column":36}},"24":{"start":{"line":25,"column":0},"end":{"line":25,"column":22}},"25":{"start":{"line":26,"column":0},"end":{"line":26,"column":57}},"26":{"start":{"line":27,"column":0},"end":{"line":27,"column":67}},"27":{"start":{"line":28,"column":0},"end":{"line":28,"column":77}},"28":{"start":{"line":29,"column":0},"end":{"line":29,"column":29}},"29":{"start":{"line":30,"column":0},"end":{"line":30,"column":26}},"30":{"start":{"line":31,"column":0},"end":{"line":31,"column":39}},"31":{"start":{"line":32,"column":0},"end":{"line":32,"column":11}},"32":{"start":{"line":33,"column":0},"end":{"line":33,"column":7}},"33":{"start":{"line":34,"column":0},"end":{"line":34,"column":5}},"35":{"start":{"line":36,"column":0},"end":{"line":36,"column":35}},"36":{"start":{"line":37,"column":0},"end":{"line":37,"column":44}},"37":{"start":{"line":38,"column":0},"end":{"line":38,"column":28}},"38":{"start":{"line":39,"column":0},"end":{"line":39,"column":22}},"39":{"start":{"line":40,"column":0},"end":{"line":40,"column":57}},"40":{"start":{"line":41,"column":0},"end":{"line":41,"column":55}},"41":{"start":{"line":42,"column":0},"end":{"line":42,"column":82}},"42":{"start":{"line":43,"column":0},"end":{"line":43,"column":27}},"43":{"start":{"line":44,"column":0},"end":{"line":44,"column":28}},"44":{"start":{"line":45,"column":0},"end":{"line":45,"column":39}},"45":{"start":{"line":46,"column":0},"end":{"line":46,"column":11}},"46":{"start":{"line":47,"column":0},"end":{"line":47,"column":7}},"47":{"start":{"line":48,"column":0},"end":{"line":48,"column":5}},"49":{"start":{"line":50,"column":0},"end":{"line":50,"column":37}},"50":{"start":{"line":51,"column":0},"end":{"line":51,"column":20}},"51":{"start":{"line":52,"column":0},"end":{"line":52,"column":55}},"52":{"start":{"line":53,"column":0},"end":{"line":53,"column":43}},"53":{"start":{"line":54,"column":0},"end":{"line":54,"column":87}},"54":{"start":{"line":55,"column":0},"end":{"line":55,"column":24}},"55":{"start":{"line":56,"column":0},"end":{"line":56,"column":23}},"56":{"start":{"line":57,"column":0},"end":{"line":57,"column":37}},"57":{"start":{"line":58,"column":0},"end":{"line":58,"column":9}},"58":{"start":{"line":59,"column":0},"end":{"line":59,"column":5}},"59":{"start":{"line":60,"column":0},"end":{"line":60,"column":3}},"62":{"start":{"line":63,"column":0},"end":{"line":63,"column":56}},"63":{"start":{"line":64,"column":0},"end":{"line":64,"column":82}},"66":{"start":{"line":67,"column":0},"end":{"line":67,"column":29}},"67":{"start":{"line":68,"column":0},"end":{"line":68,"column":1}},"73":{"start":{"line":74,"column":0},"end":{"line":74,"column":62}},"74":{"start":{"line":75,"column":0},"end":{"line":75,"column":70}},"76":{"start":{"line":77,"column":0},"end":{"line":77,"column":85}},"77":{"start":{"line":78,"column":0},"end":{"line":78,"column":42}},"78":{"start":{"line":79,"column":0},"end":{"line":79,"column":1}},"84":{"start":{"line":85,"column":0},"end":{"line":85,"column":92}},"85":{"start":{"line":86,"column":0},"end":{"line":86,"column":114}},"88":{"start":{"line":89,"column":0},"end":{"line":89,"column":10}},"89":{"start":{"line":90,"column":0},"end":{"line":90,"column":45}},"90":{"start":{"line":91,"column":0},"end":{"line":91,"column":71}},"91":{"start":{"line":92,"column":0},"end":{"line":92,"column":28}},"92":{"start":{"line":93,"column":0},"end":{"line":93,"column":12}},"93":{"start":{"line":94,"column":0},"end":{"line":94,"column":4}},"94":{"start":{"line":95,"column":0},"end":{"line":95,"column":1}}},"s":{"2":0,"3":0,"4":0,"6":0,"7":0,"8":0,"9":0,"10":0,"12":0,"13":0,"14":0,"15":0,"16":0,"17":0,"18":0,"19":0,"20":0,"21":0,"23":0,"24":0,"25":0,"26":0,"27":0,"28":0,"29":0,"30":0,"31":0,"32":0,"33":0,"35":0,"36":0,"37":0,"38":0,"39":0,"40":0,"41":0,"42":0,"43":0,"44":0,"45":0,"46":0,"47":0,"49":0,"50":0,"51":0,"52":0,"53":0,"54":0,"55":0,"56":0,"57":0,"58":0,"59":0,"62":0,"63":0,"66":0,"67":0,"73":0,"74":0,"76":0,"77":0,"78":0,"84":0,"85":0,"88":0,"89":0,"90":0,"91":0,"92":0,"93":0,"94":0},"branchMap":{"0":{"type":"branch","line":1,"loc":{"start":{"line":1,"column":3350},"end":{"line":95,"column":1}},"locations":[{"start":{"line":1,"column":3350},"end":{"line":95,"column":1}}]}},"b":{"0":[1]},"fnMap":{"0":{"name":"(empty-report)","decl":{"start":{"line":1,"column":3350},"end":{"line":95,"column":1}},"loc":{"start":{"line":1,"column":3350},"end":{"line":95,"column":1}},"line":1}},"f":{"0":1}}
,"/Users/ashishsingh/Desktop/nexus-os/apps/api/src/chiefAnalyst.ts": {"path":"/Users/ashishsingh/Desktop/nexus-os/apps/api/src/chiefAnalyst.ts","all":true,"statementMap":{"0":{"start":{"line":1,"column":0},"end":{"line":1,"column":3}},"53":{"start":{"line":54,"column":0},"end":{"line":54,"column":74}},"54":{"start":{"line":55,"column":0},"end":{"line":55,"column":31}},"71":{"start":{"line":72,"column":0},"end":{"line":72,"column":35}},"72":{"start":{"line":73,"column":0},"end":{"line":73,"column":15}},"73":{"start":{"line":74,"column":0},"end":{"line":74,"column":25}},"74":{"start":{"line":75,"column":0},"end":{"line":75,"column":29}},"75":{"start":{"line":76,"column":0},"end":{"line":76,"column":37}},"76":{"start":{"line":77,"column":0},"end":{"line":77,"column":69}},"78":{"start":{"line":79,"column":0},"end":{"line":79,"column":60}},"79":{"start":{"line":80,"column":0},"end":{"line":80,"column":49}},"80":{"start":{"line":81,"column":0},"end":{"line":81,"column":39}},"81":{"start":{"line":82,"column":0},"end":{"line":82,"column":50}},"82":{"start":{"line":83,"column":0},"end":{"line":83,"column":112}},"83":{"start":{"line":84,"column":0},"end":{"line":84,"column":46}},"85":{"start":{"line":86,"column":0},"end":{"line":86,"column":18}},"87":{"start":{"line":88,"column":0},"end":{"line":88,"column":31}},"90":{"start":{"line":91,"column":0},"end":{"line":91,"column":21}},"108":{"start":{"line":109,"column":0},"end":{"line":109,"column":65}},"109":{"start":{"line":110,"column":0},"end":{"line":110,"column":38}},"110":{"start":{"line":111,"column":0},"end":{"line":111,"column":58}},"111":{"start":{"line":112,"column":0},"end":{"line":112,"column":19}},"112":{"start":{"line":113,"column":0},"end":{"line":113,"column":29}},"113":{"start":{"line":114,"column":0},"end":{"line":114,"column":34}},"114":{"start":{"line":115,"column":0},"end":{"line":115,"column":23}},"115":{"start":{"line":116,"column":0},"end":{"line":116,"column":21}},"116":{"start":{"line":117,"column":0},"end":{"line":117,"column":33}},"117":{"start":{"line":118,"column":0},"end":{"line":118,"column":7}},"119":{"start":{"line":120,"column":0},"end":{"line":120,"column":45}},"120":{"start":{"line":121,"column":0},"end":{"line":121,"column":9}},"121":{"start":{"line":122,"column":0},"end":{"line":122,"column":71}},"122":{"start":{"line":123,"column":0},"end":{"line":123,"column":24}},"123":{"start":{"line":124,"column":0},"end":{"line":124,"column":127}},"124":{"start":{"line":125,"column":0},"end":{"line":125,"column":116}},"125":{"start":{"line":126,"column":0},"end":{"line":126,"column":5}},"127":{"start":{"line":128,"column":0},"end":{"line":128,"column":118}},"128":{"start":{"line":129,"column":0},"end":{"line":129,"column":23}},"129":{"start":{"line":130,"column":0},"end":{"line":130,"column":4}},"131":{"start":{"line":132,"column":0},"end":{"line":132,"column":7}},"132":{"start":{"line":133,"column":0},"end":{"line":133,"column":43}},"133":{"start":{"line":134,"column":0},"end":{"line":134,"column":17}},"134":{"start":{"line":135,"column":0},"end":{"line":135,"column":100}},"135":{"start":{"line":136,"column":0},"end":{"line":136,"column":87}},"136":{"start":{"line":137,"column":0},"end":{"line":137,"column":3}},"137":{"start":{"line":138,"column":0},"end":{"line":138,"column":1}},"139":{"start":{"line":140,"column":0},"end":{"line":140,"column":59}},"140":{"start":{"line":141,"column":0},"end":{"line":141,"column":95}},"141":{"start":{"line":142,"column":0},"end":{"line":142,"column":26}},"142":{"start":{"line":143,"column":0},"end":{"line":143,"column":33}},"143":{"start":{"line":144,"column":0},"end":{"line":144,"column":48}},"144":{"start":{"line":145,"column":0},"end":{"line":145,"column":41}},"145":{"start":{"line":146,"column":0},"end":{"line":146,"column":45}},"146":{"start":{"line":147,"column":0},"end":{"line":147,"column":40}},"147":{"start":{"line":148,"column":0},"end":{"line":148,"column":44}},"148":{"start":{"line":149,"column":0},"end":{"line":149,"column":67}},"149":{"start":{"line":150,"column":0},"end":{"line":150,"column":13}},"150":{"start":{"line":151,"column":0},"end":{"line":151,"column":1}},"152":{"start":{"line":153,"column":0},"end":{"line":153,"column":71}},"153":{"start":{"line":154,"column":0},"end":{"line":154,"column":44}},"154":{"start":{"line":155,"column":0},"end":{"line":155,"column":60}},"157":{"start":{"line":158,"column":0},"end":{"line":158,"column":79}},"158":{"start":{"line":159,"column":0},"end":{"line":159,"column":36}},"159":{"start":{"line":160,"column":0},"end":{"line":160,"column":27}},"160":{"start":{"line":161,"column":0},"end":{"line":161,"column":21}},"161":{"start":{"line":162,"column":0},"end":{"line":162,"column":93}},"162":{"start":{"line":163,"column":0},"end":{"line":163,"column":38}},"163":{"start":{"line":164,"column":0},"end":{"line":164,"column":60}},"164":{"start":{"line":165,"column":0},"end":{"line":165,"column":55}},"165":{"start":{"line":166,"column":0},"end":{"line":166,"column":8}},"166":{"start":{"line":167,"column":0},"end":{"line":167,"column":33}},"167":{"start":{"line":168,"column":0},"end":{"line":168,"column":5}},"168":{"start":{"line":169,"column":0},"end":{"line":169,"column":18}},"169":{"start":{"line":170,"column":0},"end":{"line":170,"column":47}},"170":{"start":{"line":171,"column":0},"end":{"line":171,"column":92}},"171":{"start":{"line":172,"column":0},"end":{"line":172,"column":5}},"172":{"start":{"line":173,"column":0},"end":{"line":173,"column":3}},"174":{"start":{"line":175,"column":0},"end":{"line":175,"column":32}},"175":{"start":{"line":176,"column":0},"end":{"line":176,"column":61}},"176":{"start":{"line":177,"column":0},"end":{"line":177,"column":61}},"177":{"start":{"line":178,"column":0},"end":{"line":178,"column":37}},"178":{"start":{"line":179,"column":0},"end":{"line":179,"column":57}},"179":{"start":{"line":180,"column":0},"end":{"line":180,"column":22}},"180":{"start":{"line":181,"column":0},"end":{"line":181,"column":38}},"181":{"start":{"line":182,"column":0},"end":{"line":182,"column":39}},"182":{"start":{"line":183,"column":0},"end":{"line":183,"column":39}},"183":{"start":{"line":184,"column":0},"end":{"line":184,"column":29}},"184":{"start":{"line":185,"column":0},"end":{"line":185,"column":9}},"185":{"start":{"line":186,"column":0},"end":{"line":186,"column":5}},"186":{"start":{"line":187,"column":0},"end":{"line":187,"column":3}},"189":{"start":{"line":190,"column":0},"end":{"line":190,"column":29}},"190":{"start":{"line":191,"column":0},"end":{"line":191,"column":95}},"191":{"start":{"line":192,"column":0},"end":{"line":192,"column":96}},"192":{"start":{"line":193,"column":0},"end":{"line":193,"column":4}},"194":{"start":{"line":195,"column":0},"end":{"line":195,"column":86}},"195":{"start":{"line":196,"column":0},"end":{"line":196,"column":36}},"196":{"start":{"line":197,"column":0},"end":{"line":197,"column":60}},"197":{"start":{"line":198,"column":0},"end":{"line":198,"column":87}},"198":{"start":{"line":199,"column":0},"end":{"line":199,"column":87}},"199":{"start":{"line":200,"column":0},"end":{"line":200,"column":97}},"200":{"start":{"line":201,"column":0},"end":{"line":201,"column":102}},"201":{"start":{"line":202,"column":0},"end":{"line":202,"column":3}},"203":{"start":{"line":204,"column":0},"end":{"line":204,"column":73}},"204":{"start":{"line":205,"column":0},"end":{"line":205,"column":73}},"205":{"start":{"line":206,"column":0},"end":{"line":206,"column":53}},"206":{"start":{"line":207,"column":0},"end":{"line":207,"column":20}},"207":{"start":{"line":208,"column":0},"end":{"line":208,"column":32}},"208":{"start":{"line":209,"column":0},"end":{"line":209,"column":45}},"209":{"start":{"line":210,"column":0},"end":{"line":210,"column":33}},"210":{"start":{"line":211,"column":0},"end":{"line":211,"column":38}},"211":{"start":{"line":212,"column":0},"end":{"line":212,"column":33}},"212":{"start":{"line":213,"column":0},"end":{"line":213,"column":24}},"213":{"start":{"line":214,"column":0},"end":{"line":214,"column":7}},"214":{"start":{"line":215,"column":0},"end":{"line":215,"column":3}},"216":{"start":{"line":217,"column":0},"end":{"line":217,"column":19}},"217":{"start":{"line":218,"column":0},"end":{"line":218,"column":1}},"221":{"start":{"line":222,"column":0},"end":{"line":222,"column":30}},"222":{"start":{"line":223,"column":0},"end":{"line":223,"column":15}},"223":{"start":{"line":224,"column":0},"end":{"line":224,"column":25}},"224":{"start":{"line":225,"column":0},"end":{"line":225,"column":32}},"225":{"start":{"line":226,"column":0},"end":{"line":226,"column":37}},"226":{"start":{"line":227,"column":0},"end":{"line":227,"column":19}},"229":{"start":{"line":230,"column":0},"end":{"line":230,"column":22}},"230":{"start":{"line":231,"column":0},"end":{"line":231,"column":26}},"233":{"start":{"line":234,"column":0},"end":{"line":234,"column":73}},"235":{"start":{"line":236,"column":0},"end":{"line":236,"column":30}},"236":{"start":{"line":237,"column":0},"end":{"line":237,"column":36}},"237":{"start":{"line":238,"column":0},"end":{"line":238,"column":121}},"238":{"start":{"line":239,"column":0},"end":{"line":239,"column":20}},"263":{"start":{"line":264,"column":0},"end":{"line":264,"column":54}},"264":{"start":{"line":265,"column":0},"end":{"line":265,"column":39}},"265":{"start":{"line":266,"column":0},"end":{"line":266,"column":50}},"266":{"start":{"line":267,"column":0},"end":{"line":267,"column":112}},"267":{"start":{"line":268,"column":0},"end":{"line":268,"column":46}},"269":{"start":{"line":270,"column":0},"end":{"line":270,"column":148}},"271":{"start":{"line":272,"column":0},"end":{"line":272,"column":26}},"272":{"start":{"line":273,"column":0},"end":{"line":273,"column":1}},"276":{"start":{"line":277,"column":0},"end":{"line":277,"column":61}},"277":{"start":{"line":278,"column":0},"end":{"line":278,"column":80}},"278":{"start":{"line":279,"column":0},"end":{"line":279,"column":7}},"279":{"start":{"line":280,"column":0},"end":{"line":280,"column":31}},"280":{"start":{"line":281,"column":0},"end":{"line":281,"column":11}},"281":{"start":{"line":282,"column":0},"end":{"line":282,"column":49}},"282":{"start":{"line":283,"column":0},"end":{"line":283,"column":43}},"283":{"start":{"line":284,"column":0},"end":{"line":284,"column":64}},"284":{"start":{"line":285,"column":0},"end":{"line":285,"column":3}},"285":{"start":{"line":286,"column":0},"end":{"line":286,"column":1}},"289":{"start":{"line":290,"column":0},"end":{"line":290,"column":132}},"290":{"start":{"line":291,"column":0},"end":{"line":291,"column":10}},"291":{"start":{"line":292,"column":0},"end":{"line":292,"column":30}},"292":{"start":{"line":293,"column":0},"end":{"line":293,"column":31}},"293":{"start":{"line":294,"column":0},"end":{"line":294,"column":38}},"294":{"start":{"line":295,"column":0},"end":{"line":295,"column":60}},"295":{"start":{"line":296,"column":0},"end":{"line":296,"column":73}},"296":{"start":{"line":297,"column":0},"end":{"line":297,"column":60}},"297":{"start":{"line":298,"column":0},"end":{"line":298,"column":81}},"298":{"start":{"line":299,"column":0},"end":{"line":299,"column":80}},"299":{"start":{"line":300,"column":0},"end":{"line":300,"column":71}},"300":{"start":{"line":301,"column":0},"end":{"line":301,"column":68}},"301":{"start":{"line":302,"column":0},"end":{"line":302,"column":82}},"302":{"start":{"line":303,"column":0},"end":{"line":303,"column":72}},"303":{"start":{"line":304,"column":0},"end":{"line":304,"column":68}},"304":{"start":{"line":305,"column":0},"end":{"line":305,"column":4}},"305":{"start":{"line":306,"column":0},"end":{"line":306,"column":1}},"310":{"start":{"line":311,"column":0},"end":{"line":311,"column":38}},"311":{"start":{"line":312,"column":0},"end":{"line":312,"column":15}},"312":{"start":{"line":313,"column":0},"end":{"line":313,"column":25}},"313":{"start":{"line":314,"column":0},"end":{"line":314,"column":30}},"314":{"start":{"line":315,"column":0},"end":{"line":315,"column":19}},"315":{"start":{"line":316,"column":0},"end":{"line":316,"column":26}},"316":{"start":{"line":317,"column":0},"end":{"line":317,"column":31}},"317":{"start":{"line":318,"column":0},"end":{"line":318,"column":43}},"320":{"start":{"line":321,"column":0},"end":{"line":321,"column":72}},"322":{"start":{"line":323,"column":0},"end":{"line":323,"column":109}},"323":{"start":{"line":324,"column":0},"end":{"line":324,"column":93}},"324":{"start":{"line":325,"column":0},"end":{"line":325,"column":17}},"325":{"start":{"line":326,"column":0},"end":{"line":326,"column":215}},"326":{"start":{"line":327,"column":0},"end":{"line":327,"column":6}},"328":{"start":{"line":329,"column":0},"end":{"line":329,"column":36}},"329":{"start":{"line":330,"column":0},"end":{"line":330,"column":13}},"330":{"start":{"line":331,"column":0},"end":{"line":331,"column":41}},"331":{"start":{"line":332,"column":0},"end":{"line":332,"column":6}},"333":{"start":{"line":334,"column":0},"end":{"line":334,"column":89}},"334":{"start":{"line":335,"column":0},"end":{"line":335,"column":63}},"337":{"start":{"line":338,"column":0},"end":{"line":338,"column":65}},"340":{"start":{"line":341,"column":0},"end":{"line":341,"column":26}},"341":{"start":{"line":342,"column":0},"end":{"line":342,"column":25}},"342":{"start":{"line":343,"column":0},"end":{"line":343,"column":31}},"343":{"start":{"line":344,"column":0},"end":{"line":344,"column":35}},"344":{"start":{"line":345,"column":0},"end":{"line":345,"column":45}},"345":{"start":{"line":346,"column":0},"end":{"line":346,"column":48}},"346":{"start":{"line":347,"column":0},"end":{"line":347,"column":18}},"347":{"start":{"line":348,"column":0},"end":{"line":348,"column":16}},"348":{"start":{"line":349,"column":0},"end":{"line":349,"column":7}},"351":{"start":{"line":352,"column":0},"end":{"line":352,"column":59}},"352":{"start":{"line":353,"column":0},"end":{"line":353,"column":44}},"353":{"start":{"line":354,"column":0},"end":{"line":354,"column":26}},"354":{"start":{"line":355,"column":0},"end":{"line":355,"column":7}},"356":{"start":{"line":357,"column":0},"end":{"line":357,"column":84}},"357":{"start":{"line":358,"column":0},"end":{"line":358,"column":3}},"359":{"start":{"line":360,"column":0},"end":{"line":360,"column":97}},"360":{"start":{"line":361,"column":0},"end":{"line":361,"column":45}},"361":{"start":{"line":362,"column":0},"end":{"line":362,"column":70}},"363":{"start":{"line":364,"column":0},"end":{"line":364,"column":21}},"364":{"start":{"line":365,"column":0},"end":{"line":365,"column":17}},"365":{"start":{"line":366,"column":0},"end":{"line":366,"column":101}},"366":{"start":{"line":367,"column":0},"end":{"line":367,"column":6}},"367":{"start":{"line":368,"column":0},"end":{"line":368,"column":3}},"369":{"start":{"line":370,"column":0},"end":{"line":370,"column":73}},"371":{"start":{"line":372,"column":0},"end":{"line":372,"column":59}},"372":{"start":{"line":373,"column":0},"end":{"line":373,"column":84}},"374":{"start":{"line":375,"column":0},"end":{"line":375,"column":38}},"375":{"start":{"line":376,"column":0},"end":{"line":376,"column":13}},"376":{"start":{"line":377,"column":0},"end":{"line":377,"column":11}},"377":{"start":{"line":378,"column":0},"end":{"line":378,"column":29}},"378":{"start":{"line":379,"column":0},"end":{"line":379,"column":23}},"379":{"start":{"line":380,"column":0},"end":{"line":380,"column":34}},"380":{"start":{"line":381,"column":0},"end":{"line":381,"column":21}},"381":{"start":{"line":382,"column":0},"end":{"line":382,"column":41}},"382":{"start":{"line":383,"column":0},"end":{"line":383,"column":7}},"384":{"start":{"line":385,"column":0},"end":{"line":385,"column":44}},"385":{"start":{"line":386,"column":0},"end":{"line":386,"column":42}},"386":{"start":{"line":387,"column":0},"end":{"line":387,"column":4}},"389":{"start":{"line":390,"column":0},"end":{"line":390,"column":52}},"391":{"start":{"line":392,"column":0},"end":{"line":392,"column":14}},"392":{"start":{"line":393,"column":0},"end":{"line":393,"column":46}},"393":{"start":{"line":394,"column":0},"end":{"line":394,"column":54}},"394":{"start":{"line":395,"column":0},"end":{"line":395,"column":50}},"395":{"start":{"line":396,"column":0},"end":{"line":396,"column":35}},"396":{"start":{"line":397,"column":0},"end":{"line":397,"column":4}},"398":{"start":{"line":399,"column":0},"end":{"line":399,"column":19}},"399":{"start":{"line":400,"column":0},"end":{"line":400,"column":1}}},"s":{"0":0,"53":0,"54":0,"71":0,"72":0,"73":0,"74":0,"75":0,"76":0,"78":0,"79":0,"80":0,"81":0,"82":0,"83":0,"85":0,"87":0,"90":0,"108":0,"109":0,"110":0,"111":0,"112":0,"113":0,"114":0,"115":0,"116":0,"117":0,"119":0,"120":0,"121":0,"122":0,"123":0,"124":0,"125":0,"127":0,"128":0,"129":0,"131":0,"132":0,"133":0,"134":0,"135":0,"136":0,"137":0,"139":0,"140":0,"141":0,"142":0,"143":0,"144":0,"145":0,"146":0,"147":0,"148":0,"149":0,"150":0,"152":0,"153":0,"154":0,"157":0,"158":0,"159":0,"160":0,"161":0,"162":0,"163":0,"164":0,"165":0,"166":0,"167":0,"168":0,"169":0,"170":0,"171":0,"172":0,"174":0,"175":0,"176":0,"177":0,"178":0,"179":0,"180":0,"181":0,"182":0,"183":0,"184":0,"185":0,"186":0,"189":0,"190":0,"191":0,"192":0,"194":0,"195":0,"196":0,"197":0,"198":0,"199":0,"200":0,"201":0,"203":0,"204":0,"205":0,"206":0,"207":0,"208":0,"209":0,"210":0,"211":0,"212":0,"213":0,"214":0,"216":0,"217":0,"221":0,"222":0,"223":0,"224":0,"225":0,"226":0,"229":0,"230":0,"233":0,"235":0,"236":0,"237":0,"238":0,"263":0,"264":0,"265":0,"266":0,"267":0,"269":0,"271":0,"272":0,"276":0,"277":0,"278":0,"279":0,"280":0,"281":0,"282":0,"283":0,"284":0,"285":0,"289":0,"290":0,"291":0,"292":0,"293":0,"294":0,"295":0,"296":0,"297":0,"298":0,"299":0,"300":0,"301":0,"302":0,"303":0,"304":0,"305":0,"310":0,"311":0,"312":0,"313":0,"314":0,"315":0,"316":0,"317":0,"320":0,"322":0,"323":0,"324":0,"325":0,"326":0,"328":0,"329":0,"330":0,"331":0,"333":0,"334":0,"337":0,"340":0,"341":0,"342":0,"343":0,"344":0,"345":0,"346":0,"347":0,"348":0,"351":0,"352":0,"353":0,"354":0,"356":0,"357":0,"359":0,"360":0,"361":0,"363":0,"364":0,"365":0,"366":0,"367":0,"369":0,"371":0,"372":0,"374":0,"375":0,"376":0,"377":0,"378":0,"379":0,"380":0,"381":0,"382":0,"384":0,"385":0,"386":0,"389":0,"391":0,"392":0,"393":0,"394":0,"395":0,"396":0,"398":0,"399":0},"branchMap":{"0":{"type":"branch","line":1,"loc":{"start":{"line":1,"column":14174},"end":{"line":400,"column":1}},"locations":[{"start":{"line":1,"column":14174},"end":{"line":400,"column":1}}]}},"b":{"0":[0]},"fnMap":{"0":{"name":"(empty-report)","decl":{"start":{"line":1,"column":14174},"end":{"line":400,"column":1}},"loc":{"start":{"line":1,"column":14174},"end":{"line":400,"column":1}},"line":1}},"f":{"0":0}}
,"/Users/ashishsingh/Desktop/nexus-os/apps/api/src/circuitBreaker.ts": {"path":"/Users/ashishsingh/Desktop/nexus-os/apps/api/src/circuitBreaker.ts","all":true,"statementMap":{"0":{"start":{"line":1,"column":0},"end":{"line":1,"column":62}},"4":{"start":{"line":5,"column":0},"end":{"line":5,"column":87}},"5":{"start":{"line":6,"column":0},"end":{"line":6,"column":37}},"6":{"start":{"line":7,"column":0},"end":{"line":7,"column":26}},"7":{"start":{"line":8,"column":0},"end":{"line":8,"column":33}},"8":{"start":{"line":9,"column":0},"end":{"line":9,"column":31}},"9":{"start":{"line":10,"column":0},"end":{"line":10,"column":15}},"10":{"start":{"line":11,"column":0},"end":{"line":11,"column":5}},"11":{"start":{"line":12,"column":0},"end":{"line":12,"column":1}}},"s":{"0":0,"4":0,"5":0,"6":0,"7":0,"8":0,"9":0,"10":0,"11":0},"branchMap":{"0":{"type":"branch","line":1,"loc":{"start":{"line":1,"column":560},"end":{"line":17,"column":39}},"locations":[{"start":{"line":1,"column":560},"end":{"line":17,"column":39}}]}},"b":{"0":[0]},"fnMap":{"0":{"name":"(empty-report)","decl":{"start":{"line":1,"column":560},"end":{"line":17,"column":39}},"loc":{"start":{"line":1,"column":560},"end":{"line":17,"column":39}},"line":1}},"f":{"0":0}}
,"/Users/ashishsingh/Desktop/nexus-os/apps/api/src/diagnostics.ts": {"path":"/Users/ashishsingh/Desktop/nexus-os/apps/api/src/diagnostics.ts","all":true,"statementMap":{"0":{"start":{"line":1,"column":0},"end":{"line":1,"column":0}},"1":{"start":{"line":2,"column":0},"end":{"line":2,"column":28}},"2":{"start":{"line":3,"column":0},"end":{"line":3,"column":24}},"3":{"start":{"line":4,"column":0},"end":{"line":4,"column":36}},"5":{"start":{"line":6,"column":0},"end":{"line":6,"column":59}},"6":{"start":{"line":7,"column":0},"end":{"line":7,"column":58}},"8":{"start":{"line":9,"column":0},"end":{"line":9,"column":63}},"9":{"start":{"line":10,"column":0},"end":{"line":10,"column":57}},"11":{"start":{"line":12,"column":0},"end":{"line":12,"column":33}},"12":{"start":{"line":13,"column":0},"end":{"line":13,"column":54}},"13":{"start":{"line":14,"column":0},"end":{"line":14,"column":19}},"16":{"start":{"line":17,"column":0},"end":{"line":17,"column":39}},"17":{"start":{"line":18,"column":0},"end":{"line":18,"column":76}},"18":{"start":{"line":19,"column":0},"end":{"line":19,"column":31}},"19":{"start":{"line":20,"column":0},"end":{"line":20,"column":28}},"20":{"start":{"line":21,"column":0},"end":{"line":21,"column":45}},"21":{"start":{"line":22,"column":0},"end":{"line":22,"column":17}},"22":{"start":{"line":23,"column":0},"end":{"line":23,"column":12}},"23":{"start":{"line":24,"column":0},"end":{"line":24,"column":45}},"24":{"start":{"line":25,"column":0},"end":{"line":25,"column":5}},"25":{"start":{"line":26,"column":0},"end":{"line":26,"column":3}},"28":{"start":{"line":29,"column":0},"end":{"line":29,"column":45}},"29":{"start":{"line":30,"column":0},"end":{"line":30,"column":7}},"30":{"start":{"line":31,"column":0},"end":{"line":31,"column":41}},"31":{"start":{"line":32,"column":0},"end":{"line":32,"column":75}},"33":{"start":{"line":34,"column":0},"end":{"line":34,"column":105}},"34":{"start":{"line":35,"column":0},"end":{"line":35,"column":16}},"35":{"start":{"line":36,"column":0},"end":{"line":36,"column":78}},"36":{"start":{"line":37,"column":0},"end":{"line":37,"column":87}},"37":{"start":{"line":38,"column":0},"end":{"line":38,"column":18}},"38":{"start":{"line":39,"column":0},"end":{"line":39,"column":12}},"39":{"start":{"line":40,"column":0},"end":{"line":40,"column":72}},"40":{"start":{"line":41,"column":0},"end":{"line":41,"column":5}},"41":{"start":{"line":42,"column":0},"end":{"line":42,"column":22}},"42":{"start":{"line":43,"column":0},"end":{"line":43,"column":55}},"43":{"start":{"line":44,"column":0},"end":{"line":44,"column":15}},"44":{"start":{"line":45,"column":0},"end":{"line":45,"column":3}},"47":{"start":{"line":48,"column":0},"end":{"line":48,"column":47}},"48":{"start":{"line":49,"column":0},"end":{"line":49,"column":7}},"50":{"start":{"line":51,"column":0},"end":{"line":51,"column":43}},"51":{"start":{"line":52,"column":0},"end":{"line":52,"column":30}},"52":{"start":{"line":53,"column":0},"end":{"line":53,"column":32}},"53":{"start":{"line":54,"column":0},"end":{"line":54,"column":24}},"54":{"start":{"line":55,"column":0},"end":{"line":55,"column":19}},"55":{"start":{"line":56,"column":0},"end":{"line":56,"column":22}},"56":{"start":{"line":57,"column":0},"end":{"line":57,"column":7}},"57":{"start":{"line":58,"column":0},"end":{"line":58,"column":75}},"58":{"start":{"line":59,"column":0},"end":{"line":59,"column":22}},"59":{"start":{"line":60,"column":0},"end":{"line":60,"column":58}},"60":{"start":{"line":61,"column":0},"end":{"line":61,"column":50}},"61":{"start":{"line":62,"column":0},"end":{"line":62,"column":88}},"62":{"start":{"line":63,"column":0},"end":{"line":63,"column":45}},"63":{"start":{"line":64,"column":0},"end":{"line":64,"column":82}},"64":{"start":{"line":65,"column":0},"end":{"line":65,"column":5}},"65":{"start":{"line":66,"column":0},"end":{"line":66,"column":15}},"66":{"start":{"line":67,"column":0},"end":{"line":67,"column":3}},"68":{"start":{"line":69,"column":0},"end":{"line":69,"column":68}},"69":{"start":{"line":70,"column":0},"end":{"line":70,"column":23}},"70":{"start":{"line":71,"column":0},"end":{"line":71,"column":61}},"71":{"start":{"line":72,"column":0},"end":{"line":72,"column":10}},"72":{"start":{"line":73,"column":0},"end":{"line":73,"column":70}},"73":{"start":{"line":74,"column":0},"end":{"line":74,"column":3}},"74":{"start":{"line":75,"column":0},"end":{"line":75,"column":1}},"76":{"start":{"line":77,"column":0},"end":{"line":77,"column":31}},"77":{"start":{"line":78,"column":0},"end":{"line":78,"column":48}},"78":{"start":{"line":79,"column":0},"end":{"line":79,"column":18}},"79":{"start":{"line":80,"column":0},"end":{"line":80,"column":3}}},"s":{"0":0,"1":0,"2":0,"3":0,"5":0,"6":0,"8":0,"9":0,"11":0,"12":0,"13":0,"16":0,"17":0,"18":0,"19":0,"20":0,"21":0,"22":0,"23":0,"24":0,"25":0,"28":0,"29":0,"30":0,"31":0,"33":0,"34":0,"35":0,"36":0,"37":0,"38":0,"39":0,"40":0,"41":0,"42":0,"43":0,"44":0,"47":0,"48":0,"50":0,"51":0,"52":0,"53":0,"54":0,"55":0,"56":0,"57":0,"58":0,"59":0,"60":0,"61":0,"62":0,"63":0,"64":0,"65":0,"66":0,"68":0,"69":0,"70":0,"71":0,"72":0,"73":0,"74":0,"76":0,"77":0,"78":0,"79":0},"branchMap":{"0":{"type":"branch","line":1,"loc":{"start":{"line":1,"column":0},"end":{"line":80,"column":-290}},"locations":[{"start":{"line":1,"column":0},"end":{"line":80,"column":-290}}]}},"b":{"0":[0]},"fnMap":{"0":{"name":"(empty-report)","decl":{"start":{"line":1,"column":0},"end":{"line":80,"column":-290}},"loc":{"start":{"line":1,"column":0},"end":{"line":80,"column":-290}},"line":1}},"f":{"0":0}}
,"/Users/ashishsingh/Desktop/nexus-os/apps/api/src/index.ts": {"path":"/Users/ashishsingh/Desktop/nexus-os/apps/api/src/index.ts","all":true,"statementMap":{"0":{"start":{"line":1,"column":0},"end":{"line":1,"column":3}},"5":{"start":{"line":6,"column":0},"end":{"line":6,"column":23}},"6":{"start":{"line":7,"column":0},"end":{"line":7,"column":37}},"7":{"start":{"line":8,"column":0},"end":{"line":8,"column":63}},"8":{"start":{"line":9,"column":0},"end":{"line":9,"column":36}},"9":{"start":{"line":10,"column":0},"end":{"line":10,"column":56}},"10":{"start":{"line":11,"column":0},"end":{"line":11,"column":55}},"11":{"start":{"line":12,"column":0},"end":{"line":12,"column":72}},"12":{"start":{"line":13,"column":0},"end":{"line":13,"column":104}},"14":{"start":{"line":15,"column":0},"end":{"line":15,"column":72}},"16":{"start":{"line":17,"column":0},"end":{"line":17,"column":20}},"17":{"start":{"line":18,"column":0},"end":{"line":18,"column":54}},"18":{"start":{"line":19,"column":0},"end":{"line":19,"column":34}},"22":{"start":{"line":23,"column":0},"end":{"line":23,"column":35}},"23":{"start":{"line":24,"column":0},"end":{"line":24,"column":88}},"24":{"start":{"line":25,"column":0},"end":{"line":25,"column":103}},"25":{"start":{"line":26,"column":0},"end":{"line":26,"column":3}},"27":{"start":{"line":28,"column":0},"end":{"line":28,"column":28}},"29":{"start":{"line":30,"column":0},"end":{"line":30,"column":48}},"30":{"start":{"line":31,"column":0},"end":{"line":31,"column":52}},"32":{"start":{"line":33,"column":0},"end":{"line":33,"column":58}},"33":{"start":{"line":34,"column":0},"end":{"line":34,"column":44}},"34":{"start":{"line":35,"column":0},"end":{"line":35,"column":19}},"35":{"start":{"line":36,"column":0},"end":{"line":36,"column":62}},"36":{"start":{"line":37,"column":0},"end":{"line":37,"column":26}},"37":{"start":{"line":38,"column":0},"end":{"line":38,"column":61}},"38":{"start":{"line":39,"column":0},"end":{"line":39,"column":75}},"39":{"start":{"line":40,"column":0},"end":{"line":40,"column":8}},"41":{"start":{"line":42,"column":0},"end":{"line":42,"column":48}},"42":{"start":{"line":43,"column":0},"end":{"line":43,"column":37}},"43":{"start":{"line":44,"column":0},"end":{"line":44,"column":53}},"44":{"start":{"line":45,"column":0},"end":{"line":45,"column":15}},"45":{"start":{"line":46,"column":0},"end":{"line":46,"column":7}},"48":{"start":{"line":49,"column":0},"end":{"line":49,"column":61}},"49":{"start":{"line":50,"column":0},"end":{"line":50,"column":19}},"50":{"start":{"line":51,"column":0},"end":{"line":51,"column":67}},"51":{"start":{"line":52,"column":0},"end":{"line":52,"column":33}},"52":{"start":{"line":53,"column":0},"end":{"line":53,"column":37}},"53":{"start":{"line":54,"column":0},"end":{"line":54,"column":47}},"54":{"start":{"line":55,"column":0},"end":{"line":55,"column":11}},"55":{"start":{"line":56,"column":0},"end":{"line":56,"column":7}},"58":{"start":{"line":59,"column":0},"end":{"line":59,"column":38}},"59":{"start":{"line":60,"column":0},"end":{"line":60,"column":83}},"60":{"start":{"line":61,"column":0},"end":{"line":61,"column":34}},"61":{"start":{"line":62,"column":0},"end":{"line":62,"column":7}},"62":{"start":{"line":63,"column":0},"end":{"line":63,"column":1}},"64":{"start":{"line":65,"column":0},"end":{"line":65,"column":36}},"65":{"start":{"line":66,"column":0},"end":{"line":66,"column":9}},"66":{"start":{"line":67,"column":0},"end":{"line":67,"column":59}},"67":{"start":{"line":68,"column":0},"end":{"line":68,"column":86}},"68":{"start":{"line":69,"column":0},"end":{"line":69,"column":66}},"69":{"start":{"line":70,"column":0},"end":{"line":70,"column":33}},"70":{"start":{"line":71,"column":0},"end":{"line":71,"column":70}},"71":{"start":{"line":72,"column":0},"end":{"line":72,"column":28}},"72":{"start":{"line":73,"column":0},"end":{"line":73,"column":9}},"74":{"start":{"line":75,"column":0},"end":{"line":75,"column":59}},"75":{"start":{"line":76,"column":0},"end":{"line":76,"column":70}},"76":{"start":{"line":77,"column":0},"end":{"line":77,"column":76}},"77":{"start":{"line":78,"column":0},"end":{"line":78,"column":81}},"78":{"start":{"line":79,"column":0},"end":{"line":79,"column":65}},"79":{"start":{"line":80,"column":0},"end":{"line":80,"column":66}},"80":{"start":{"line":81,"column":0},"end":{"line":81,"column":69}},"81":{"start":{"line":82,"column":0},"end":{"line":82,"column":76}},"84":{"start":{"line":85,"column":0},"end":{"line":85,"column":33}},"85":{"start":{"line":86,"column":0},"end":{"line":86,"column":13}},"86":{"start":{"line":87,"column":0},"end":{"line":87,"column":32}},"87":{"start":{"line":88,"column":0},"end":{"line":88,"column":29}},"88":{"start":{"line":89,"column":0},"end":{"line":89,"column":96}},"89":{"start":{"lin
[...]
:0},"end":{"line":140,"column":89}},"141":{"start":{"line":142,"column":0},"end":{"line":142,"column":14}},"142":{"start":{"line":143,"column":0},"end":{"line":143,"column":33}},"143":{"start":{"line":144,"column":0},"end":{"line":144,"column":43}},"144":{"start":{"line":145,"column":0},"end":{"line":145,"column":44}},"145":{"start":{"line":146,"column":0},"end":{"line":146,"column":34}},"146":{"start":{"line":147,"column":0},"end":{"line":147,"column":46}},"147":{"start":{"line":148,"column":0},"end":{"line":148,"column":36}},"148":{"start":{"line":149,"column":0},"end":{"line":149,"column":21}},"149":{"start":{"line":150,"column":0},"end":{"line":150,"column":13}},"150":{"start":{"line":151,"column":0},"end":{"line":151,"column":7}},"151":{"start":{"line":152,"column":0},"end":{"line":152,"column":15}},"152":{"start":{"line":153,"column":0},"end":{"line":153,"column":9}},"153":{"start":{"line":154,"column":0},"end":{"line":154,"column":1}},"155":{"start":{"line":156,"column":0},"end":{"line":156,"column":97}},"156":{"start":{"line":157,"column":0},"end":{"line":157,"column":89}},"157":{"start":{"line":158,"column":0},"end":{"line":158,"column":112}},"158":{"start":{"line":159,"column":0},"end":{"line":159,"column":3}},"160":{"start":{"line":161,"column":0},"end":{"line":161,"column":95}},"161":{"start":{"line":162,"column":0},"end":{"line":162,"column":1}},"163":{"start":{"line":164,"column":0},"end":{"line":164,"column":32}},"170":{"start":{"line":171,"column":0},"end":{"line":171,"column":26}},"171":{"start":{"line":172,"column":0},"end":{"line":172,"column":72}},"173":{"start":{"line":174,"column":0},"end":{"line":174,"column":10}},"174":{"start":{"line":175,"column":0},"end":{"line":175,"column":34}},"175":{"start":{"line":176,"column":0},"end":{"line":176,"column":49}},"176":{"start":{"line":177,"column":0},"end":{"line":177,"column":34}},"177":{"start":{"line":178,"column":0},"end":{"line":178,"column":34}},"178":{"start":{"line":179,"column":0},"end":{"line":179,"column":38}},"179":{"start":{"line":180,"column":0},"end":{"line":180,"column":44}},"180":{"start":{"line":181,"column":0},"end":{"line":181,"column":45}},"181":{"start":{"line":182,"column":0},"end":{"line":182,"column":48}},"182":{"start":{"line":183,"column":0},"end":{"line":183,"column":61}},"183":{"start":{"line":184,"column":0},"end":{"line":184,"column":82}},"184":{"start":{"line":185,"column":0},"end":{"line":185,"column":14}},"185":{"start":{"line":186,"column":0},"end":{"line":186,"column":95}},"186":{"start":{"line":187,"column":0},"end":{"line":187,"column":23}},"187":{"start":{"line":188,"column":0},"end":{"line":188,"column":40}},"188":{"start":{"line":189,"column":0},"end":{"line":189,"column":34}},"189":{"start":{"line":190,"column":0},"end":{"line":190,"column":160}},"190":{"start":{"line":191,"column":0},"end":{"line":191,"column":4}},"191":{"start":{"line":192,"column":0},"end":{"line":192,"column":1}},"193":{"start":{"line":194,"column":0},"end":{"line":194,"column":53}},"194":{"start":{"line":195,"column":0},"end":{"line":195,"column":27}},"195":{"start":{"line":196,"column":0},"end":{"line":196,"column":34}},"196":{"start":{"line":197,"column":0},"end":{"line":197,"column":26}},"197":{"start":{"line":198,"column":0},"end":{"line":198,"column":10}},"198":{"start":{"line":199,"column":0},"end":{"line":199,"column":30}},"199":{"start":{"line":200,"column":0},"end":{"line":200,"column":11}},"200":{"start":{"line":201,"column":0},"end":{"line":201,"column":50}},"201":{"start":{"line":202,"column":0},"end":{"line":202,"column":27}},"202":{"start":{"line":203,"column":0},"end":{"line":203,"column":40}},"203":{"start":{"line":204,"column":0},"end":{"line":204,"column":4}},"204":{"start":{"line":205,"column":0},"end":{"line":205,"column":1}},"206":{"start":{"line":207,"column":0},"end":{"line":207,"column":44}},"207":{"start":{"line":208,"column":0},"end":{"line":208,"column":26}},"208":{"start":{"line":209,"column":0},"end":{"line":209,"column":33}},"209":{"start":{"line":210,"column":0},"end":{"line":210,"column":30}},"210":{"start":{"line":211,"column":0},"end":{"line":211,"column":62}},"211":{"start":{"line":212,"column":0},"end":{"line":212,"column":68}},"212":{"start":{"line":213,"column":0},"end":{"line":213,"column":44}},"214":{"start":{"line":215,"column":0},"end":{"line":215,"column":67}},"215":{"start":{"line":216,"column":0},"end":{"line":216,"column":57}},"216":{"start":{"line":217,"column":0},"end":{"line":217,"column":103}},"217":{"start":{"line":218,"column":0},"end":{"line":218,"column":16}},"218":{"start":{"line":219,"column":0},"end":{"line":219,"column":54}},"219":{"start":{"line":220,"column":0},"end":{"line":220,"column":43}},"220":{"start":{"line":221,"column":0},"end":{"line":221,"column":41}},"221":{"start":{"line":222,"column":0},"end":{"line":222,"column":5}},"222":{"start":{"line":223,"column":0},"end":{"line":223,"column":37}},"224":{"start":{"line":225,"column":0},"end":{"line":225,"column":76}},"225":{"start":{"line":226,"column":0},"end":{"line":226,"column":105}},"226":{"start":{"line":227,"column":0},"end":{"line":227,"column":16}},"227":{"start":{"line":228,"column":0},"end":{"line":228,"column":56}},"228":{"start":{"line":229,"column":0},"end":{"line":229,"column":48}},"229":{"start":{"line":230,"column":0},"end":{"line":230,"column":36}},"230":{"start":{"line":231,"column":0},"end":{"line":231,"column":5}},"231":{"start":{"line":232,"column":0},"end":{"line":232,"column":38}},"233":{"start":{"line":234,"column":0},"end":{"line":234,"column":66}},"234":{"start":{"line":235,"column":0},"end":{"line":235,"column":69}},"235":{"start":{"line":236,"column":0},"end":{"line":236,"column":101}},"237":{"start":{"line":238,"column":0},"end":{"line":238,"column":31}},"238":{"start":{"line":239,"column":0},"end":{"line":239,"column":12}},"239":{"start":{"line":240,"column":0},"end":{"line":240,"column":26}},"240":{"start":{"line":241,"column":0},"end":{"line":241,"column":106}},"241":{"start":{"line":242,"column":0},"end":{"line":242,"column":28}},"242":{"start":{"line":243,"column":0},"end":{"line":243,"column":18}},"243":{"start":{"line":244,"column":0},"end":{"line":244,"column":14}},"244":{"start":{"line":245,"column":0},"end":{"line":245,"column":20}},"245":{"start":{"line":246,"column":0},"end":{"line":246,"column":24}},"246":{"start":{"line":247,"column":0},"end":{"line":247,"column":20}},"247":{"start":{"line":248,"column":0},"end":{"line":248,"column":14}},"248":{"start":{"line":249,"column":0},"end":{"line":249,"column":15}},"249":{"start":{"line":250,"column":0},"end":{"line":250,"column":6}},"250":{"start":{"line":251,"column":0},"end":{"line":251,"column":3}},"252":{"start":{"line":253,"column":0},"end":{"line":253,"column":69}},"254":{"start":{"line":255,"column":0},"end":{"line":255,"column":61}},"255":{"start":{"line":256,"column":0},"end":{"line":256,"column":73}},"256":{"start":{"line":257,"column":0},"end":{"line":257,"column":27}},"257":{"start":{"line":258,"column":0},"end":{"line":258,"column":43}},"258":{"start":{"line":259,"column":0},"end":{"line":259,"column":42}},"259":{"start":{"line":260,"column":0},"end":{"line":260,"column":22}},"260":{"start":{"line":261,"column":0},"end":{"line":261,"column":5}},"261":{"start":{"line":262,"column":0},"end":{"line":262,"column":16}},"262":{"start":{"line":263,"column":0},"end":{"line":263,"column":53}},"263":{"start":{"line":264,"column":0},"end":{"line":264,"column":13}},"264":{"start":{"line":265,"column":0},"end":{"line":265,"column":29}},"265":{"start":{"line":266,"column":0},"end":{"line":266,"column":45}},"266":{"start":{"line":267,"column":0},"end":{"line":267,"column":44}},"267":{"start":{"line":268,"column":0},"end":{"line":268,"column":6}},"268":{"start":{"line":269,"column":0},"end":{"line":269,"column":43}},"269":{"start":{"line":270,"column":0},"end":{"line":270,"column":5}},"271":{"start":{"line":272,"column":0},"end":{"line":272,"column":42}},"272":{"start":{"line":273,"column":0},"end":{"line":273,"column":43}},"273":{"start":{"line":274,"column":0},"end":{"line":274,"column":32}},"274":{"start":{"line":275,"column":0},"end":{"line":275,"column":42}},"275":{"start":{"line":276,"column":0},"end":{"line":276,"column":36}},"276":{"start":{"line":277,"column":0},"end":{"line":277,"column":4}},"277":{"start":{"line":278,"column":0},"end":{"line":278,"column":44}},"278":{"start":{"line":279,"column":0},"end":{"line":279,"column":15}},"279":{"start":{"line":280,"column":0},"end":{"line":280,"column":12}},"280":{"start":{"line":281,"column":0},"end":{"line":281,"column":22}},"281":{"start":{"line":282,"column":0},"end":{"line":282,"column":22}},"282":{"start":{"line":283,"column":0},"end":{"line":283,"column":18}},"283":{"start":{"line":284,"column":0},"end":{"line":284,"column":15}},"284":{"start":{"line":285,"column":0},"end":{"line":285,"column":5}},"286":{"start":{"line":287,"column":0},"end":{"line":287,"column":63}},"287":{"start":{"line":288,"column":0},"end":{"line":288,"column":10}},"288":{"start":{"line":289,"column":0},"end":{"line":289,"column":31}},"289":{"start":{"line":290,"column":0},"end":{"line":290,"column":125}},"290":{"start":{"line":291,"column":0},"end":{"line":291,"column":25}},"291":{"start":{"line":292,"column":0},"end":{"line":292,"column":16}},"292":{"start":{"line":293,"column":0},"end":{"line":293,"column":12}},"293":{"start":{"line":294,"column":0},"end":{"line":294,"column":18}},"294":{"start":{"line":295,"column":0},"end":{"line":295,"column":22}},"295":{"start":{"line":296,"column":0},"end":{"line":296,"column":18}},"296":{"start":{"line":297,"column":0},"end":{"line":297,"column":12}},"297":{"start":{"line":298,"column":0},"end":{"line":298,"column":23}},"298":{"start":{"line":299,"column":0},"end":{"line":299,"column":11}},"299":{"start":{"line":300,"column":0},"end":{"line":300,"column":7}},"300":{"start":{"line":301,"column":0},"end":{"line":301,"column":19}},"301":{"start":{"line":302,"column":0},"end":{"line":302,"column":27}},"302":{"start":{"line":303,"column":0},"end":{"line":303,"column":8}},"303":{"start":{"line":304,"column":0},"end":{"line":304,"column":6}},"304":{"start":{"line":305,"column":0},"end":{"line":305,"column":4}},"305":{"start":{"line":306,"column":0},"end":{"line":306,"column":1}}},"s":{"0":1,"28":3,"29":3,"30":3,"31":3,"32":3,"33":3,"34":3,"36":2,"37":2,"38":2,"39":2,"40":2,"41":2,"42":2,"43":2,"44":2,"45":2,"46":2,"47":2,"48":2,"49":2,"50":2,"51":2,"52":2,"53":2,"54":2,"55":2,"56":2,"57":2,"58":2,"59":2,"60":2,"61":2,"62":2,"63":2,"64":2,"65":2,"66":2,"67":2,"68":2,"69":2,"70":2,"71":2,"72":2,"73":2,"74":2,"75":2,"76":2,"77":2,"78":2,"79":2,"80":2,"81":2,"82":2,"83":2,"84":2,"85":2,"86":2,"87":2,"88":2,"89":2,"90":2,"91":2,"92":2,"93":2,"94":2,"95":2,"96":2,"97":2,"98":2,"99":2,"100":2,"101":2,"102":2,"103":2,"104":2,"105":2,"106":2,"107":2,"108":2,"109":2,"110":2,"111":2,"112":2,"113":2,"114":2,"116":2,"117":2,"118":4,"119":4,"120":0,"121":0,"122":0,"123":0,"124":0,"125":0,"126":0,"127":0,"128":0,"129":0,"130":0,"131":0,"133":4,"134":4,"136":1,"137":1,"138":1,"139":0,"141":4,"142":4,"143":4,"144":4,"145":4,"146":4,"147":4,"148":4,"149":4,"150":4,"151":4,"152":2,"153":2,"155":2,"156":2,"157":0,"158":0,"160":2,"161":2,"163":1,"170":1,"171":1,"173":1,"174":1,"175":1,"176":1,"177":1,"178":1,"179":1,"180":1,"181":1,"182":1,"183":1,"184":1,"185":1,"186":1,"187":1,"188":1,"189":1,"190":1,"191":1,"193":1,"194":1,"195":1,"196":1,"197":1,"198":1,"199":1,"200":1,"201":1,"202":1,"203":1,"204":1,"206":2,"207":2,"208":2,"209":2,"210":2,"211":2,"212":2,"214":2,"215":2,"216":2,"217":2,"218":2,"219":2,"220":2,"221":2,"222":2,"224":2,"225":2,"226":2,"227":2,"228":2,"229":2,"230":2,"231":2,"233":2,"234":2,"235":2,"237":2,"238":1,"239":1,"240":1,"241":1,"242":1,"243":1,"244":1,"245":1,"246":1,"247":1,"248":1,"249":1,"250":1,"252":1,"254":1,"255":1,"256":1,"257":1,"258":1,"259":1,"260":1,"261":1,"262":1,"263":1,"264":1,"265":1,"266":1,"267":1,"268":1,"269":1,"271":1,"272":1,"273":1,"274":1,"275":1,"276":1,"277":1,"278":1,"279":1,"280":1,"281":1,"282":1,"283":1,"284":1,"286":1,"287":1,"288":1,"289":1,"290":1,"291":1,"292":1,"293":1,"294":1,"295":1,"296":1,"297":1,"298":1,"299":1,"300":1,"301":1,"302":1,"303":1,"304":1,"305":1},"branchMap":{"0":{"type":"branch","line":29,"loc":{"start":{"line":29,"column":0},"end":{"line":35,"column":1}},"locations":[{"start":{"line":29,"column":0},"end":{"line":35,"column":1}}]},"1":{"type":"branch","line":37,"loc":{"start":{"line":37,"column":0},"end":{"line":115,"column":1}},"locations":[{"start":{"line":37,"column":0},"end":{"line":115,"column":1}}]},"2":{"type":"branch","line":117,"loc":{"start":{"line":117,"column":0},"end":{"line":154,"column":1}},"locations":[{"start":{"line":117,"column":0},"end":{"line":154,"column":1}}]},"3":{"type":"branch","line":118,"loc":{"start":{"line":118,"column":53},"end":{"line":153,"column":5}},"locations":[{"start":{"line":118,"column":53},"end":{"line":153,"column":5}}]},"4":{"type":"branch","line":120,"loc":{"start":{"line":120,"column":17},"end":{"line":132,"column":5}},"locations":[{"start":{"line":120,"column":17},"end":{"line":132,"column":5}}]},"5":{"type":"branch","line":135,"loc":{"start":{"line":135,"column":30},"end":{"line":135,"column":41}},"locations":[{"start":{"line":135,"column":30},"end":{"line":135,"column":41}}]},"6":{"type":"branch","line":135,"loc":{"start":{"line":135,"column":37},"end":{"line":139,"column":143}},"locations":[{"start":{"line":135,"column":37},"end":{"line":139,"column":143}}]},"7":{"type":"branch","line":139,"loc":{"start":{"line":139,"column":140},"end":{"line":140,"column":89}},"locations":[{"start":{"line":139,"column":140},"end":{"line":140,"column":89}}]},"8":{"type":"branch","line":119,"loc":{"start":{"line":119,"column":38},"end":{"line":119,"column":130}},"locations":[{"start":{"line":119,"column":38},"end":{"line":119,"column":130}}]},"9":{"type":"branch","line":119,"loc":{"start":{"line":119,"column":76},"end":{"line":119,"column":130}},"locations":[{"start":{"line":119,"column":76},"end":{"line":119,"column":130}}]},"10":{"type":"branch","line":156,"loc":{"start":{"line":156,"column":0},"end":{"line":162,"column":1}},"locations":[{"start":{"line":156,"column":0},"end":{"line":162,"column":1}}]},"11":{"type":"branch","line":157,"loc":{"start":{"line":157,"column":88},"end":{"line":159,"column":3}},"locations":[{"start":{"line":157,"column":88},"end":{"line":159,"column":3}}]},"12":{"type":"branch","line":157,"loc":{"start":{"line":157,"column":25},"end":{"line":157,"column":85}},"locations":[{"start":{"line":157,"column":25},"end":{"line":157,"column":85}}]},"13":{"type":"branch","line":164,"loc":{"start":{"line":164,"column":0},"end":{"line":192,"column":1}},"locations":[{"start":{"line":164,"column":0},"end":{"line":192,"column":1}}]},"14":{"type":"branch","line":184,"loc":{"start":{"line":184,"column":53},"end":{"line":184,"column":82}},"locations":[{"start":{"line":184,"column":53},"end":{"line":184,"column":82}}]},"15":{"type":"branch","line":194,"loc":{"start":{"line":194,"column":7},"end":{"line":205,"column":1}},"locations":[{"start":{"line":194,"column":7},"end":{"line":205,"column":1}}]},"16":{"type":"branch","line":207,"loc":{"start":{"line":207,"column":0},"end":{"line":306,"column":1}},"locations":[{"start":{"line":207,"column":0},"end":{"line":306,"column":1}}]},"17":{"type":"branch","line":211,"loc":{"start":{"line":211,"column":29},"end":{"line":211,"column":62}},"locations":[{"start":{"line":211,"column":29},"end":{"line":211,"column":62}}]},"18":{"type":"branch","line":238,"loc":{"start":{"line":238,"column":30},"end":{"line":306,"column":1}},"locations":[{"start":{"line":238,"column":30},"end":{"line":306,"column":1}}]}},"b":{"0":[3],"1":[2],"2":[2],"3":[4],"4":[0],"5":[3],"6":[1],"7":[0],"8":[6],"9":[2],"10":[2],"11":[0],"12":[2],"13":[1],"14":[0],"15":[1],"16":[2],"17":[0],"18":[1]},"fnMap":{"0":{"name":"currency","decl":{"start":{"line":29,"column":0},"end":{"line":35,"column":1}},"loc":{"start":{"line":29,"column":0},"end":{"line":35,"column":1}},"line":29},"1":{"name":"buildWorkflowDag","decl":{"start":{"line":37,"column":0},"end":{"line":115,"column":1}},"loc":{"start":{"line":37,"column":0},"end":{"line":115,"column":1}},"line":37},"2":{"name":"computeLineVariances","decl":{"start":{"line":117,"column":0},"end":{"line":154,"column":1}},"loc":{"start":{"line":117,"column":0},"end":{"line":154,"column":1}},"line":117},"3":{"name":"determineRootCause","decl":{"start":{"line":156,"column":0},"end":{"line":162,"column":1}},"loc":{"start":{"line":156,"column":0},"end":{"line":162,"column":1}},"line":156},"4":{"name":"buildBriefing","decl":{"start":{"line":164,"column":0},"end":{"line":192,"column":1}},"loc":{"start":{"line":164,"column":0},"end":{"line":192,"column":1}},"line":164},"5":{"name":"buildAPResolverAwaitingApprovalEvent","decl":{"start":{"line":194,"column":7},"end":{"line":205,"column":1}},"loc":{"start":{"line":194,"column":7},"end":{"line":205,"column":1}},"line":194},"6":{"name":"runAPResolverWorkflow","decl":{"start":{"line":207,"column":0},"end":{"line":306,"column":1}},"loc":{"start":{"line":207,"column":0},"end":{"line":306,"column":1}},"line":207}},"f":{"0":3,"1":2,"2":2,"3":2,"4":1,"5":1,"6":2}}
,"/Users/ashishsingh/Desktop/nexus-os/apps/api/src/workflows/salesFollowUp.ts": {"path":"/Users/ashishsingh/Desktop/nexus-os/apps/api/src/workflows/salesFollowUp.ts","all":true,"statementMap":{"0":{"start":{"line":1,"column":0},"end":{"line":1,"column":42}},"4":{"start":{"line":5,"column":0},"end":{"line":5,"column":50}},"5":{"start":{"line":6,"column":0},"end":{"line":6,"column":61}},"8":{"start":{"line":9,"column":0},"end":{"line":9,"column":44}},"9":{"start":{"line":10,"column":0},"end":{"line":10,"column":86}},"11":{"start":{"line":12,"column":0},"end":{"line":12,"column":26}},"14":{"start":{"line":15,"column":0},"end":{"line":15,"column":76}},"15":{"start":{"line":16,"column":0},"end":{"line":16,"column":47}},"16":{"start":{"line":17,"column":0},"end":{"line":17,"column":59}},"17":{"start":{"line":18,"column":0},"end":{"line":18,"column":23}},"18":{"start":{"line":19,"column":0},"end":{"line":19,"column":53}},"19":{"start":{"line":20,"column":0},"end":{"line":20,"column":118}},"20":{"start":{"line":21,"column":0},"end":{"line":21,"column":7}},"21":{"start":{"line":22,"column":0},"end":{"line":22,"column":29}},"22":{"start":{"line":23,"column":0},"end":{"line":23,"column":6}},"25":{"start":{"line":26,"column":0},"end":{"line":26,"column":56}},"26":{"start":{"line":27,"column":0},"end":{"line":27,"column":44}},"27":{"start":{"line":28,"column":0},"end":{"line":28,"column":33}},"28":{"start":{"line":29,"column":0},"end":{"line":29,"column":108}},"29":{"start":{"line":30,"column":0},"end":{"line":30,"column":5}},"32":{"start":{"line":33,"column":0},"end":{"line":33,"column":64}},"33":{"start":{"line":34,"column":0},"end":{"line":34,"column":10}},"34":{"start":{"line":35,"column":0},"end":{"line":35,"column":31}},"35":{"start":{"line":36,"column":0},"end":{"line":36,"column":60}},"36":{"start":{"line":37,"column":0},"end":{"line":37,"column":25}},"37":{"start":{"line":38,"column":0},"end":{"line":38,"column":22}},"38":{"start":{"line":39,"column":0},"end":{"line":39,"column":4}},"39":{"start":{"line":40,"column":0},"end":{"line":40,"column":1}}},"s":{"0":0,"4":0,"5":0,"8":0,"9":0,"11":0,"14":0,"15":0,"16":0,"17":0,"18":0,"19":0,"20":0,"21":0,"22":0,"25":0,"26":0,"27":0,"28":0,"29":0,"32":0,"33":0,"34":0,"35":0,"36":0,"37":0,"38":0,"39":0},"branchMap":{"0":{"type":"branch","line":1,"loc":{"start":{"line":1,"column":1420},"end":{"line":40,"column":1}},"locations":[{"start":{"line":1,"column":1420},"end":{"line":40,"column":1}}]}},"b":{"0":[0]},"fnMap":{"0":{"name":"(empty-report)","decl":{"start":{"line":1,"column":1420},"end":{"line":40,"column":1}},"loc":{"start":{"line":1,"column":1420},"end":{"line":40,"column":1}},"line":1}},"f":{"0":0}}
}
